2023-06-03 10:59:54	[INFO]	[==================================================]
2023-06-03 10:59:54	[INFO]	[Start logger succesfully]
2023-06-03 10:59:54	[INFO]	[Load config error: Config File "app" Not Found in "[D:\\VSProject\\crypto-tracking\\crypto-tracking-notification\\config\\app.env]"]
2023-06-03 11:00:20	[INFO]	[==================================================]
2023-06-03 11:00:20	[INFO]	[Start logger succesfully]
2023-06-03 11:00:20	[INFO]	[Load config error: Config File "app" Not Found in "[D:\\VSProject\\crypto-tracking\\crypto-tracking-notification\\config\\app.env]"]
2023-06-03 11:01:58	[INFO]	[==================================================]
2023-06-03 11:01:58	[INFO]	[Start logger succesfully]
2023-06-03 11:02:03	[INFO]	[Start scan DB to send notification]
2023-06-03 11:02:08	[INFO]	[Start scan DB to send notification]
2023-06-03 11:02:13	[INFO]	[Start scan DB to send notification]
2023-06-03 11:02:18	[INFO]	[Start scan DB to send notification]
2023-06-03 11:02:23	[INFO]	[Start scan DB to send notification]
2023-06-03 11:02:28	[INFO]	[Start scan DB to send notification]
2023-06-03 11:02:33	[INFO]	[Start scan DB to send notification]
2023-06-03 11:02:38	[INFO]	[Start scan DB to send notification]
2023-06-03 11:02:43	[INFO]	[Start scan DB to send notification]
2023-06-03 11:02:48	[INFO]	[Start scan DB to send notification]
2023-06-03 11:02:53	[INFO]	[Start scan DB to send notification]
2023-06-03 11:02:58	[INFO]	[Start scan DB to send notification]
2023-06-03 11:03:03	[INFO]	[Start scan DB to send notification]
2023-06-03 11:03:08	[INFO]	[Start scan DB to send notification]
2023-06-03 11:03:13	[INFO]	[Start scan DB to send notification]
2023-06-03 11:03:18	[INFO]	[Start scan DB to send notification]
2023-06-03 11:03:23	[INFO]	[Start scan DB to send notification]
2023-06-03 11:03:28	[INFO]	[Start scan DB to send notification]
2023-06-03 11:03:33	[INFO]	[Start scan DB to send notification]
2023-06-03 11:03:38	[INFO]	[Start scan DB to send notification]
2023-06-03 11:03:43	[INFO]	[Start scan DB to send notification]
2023-06-03 11:03:48	[INFO]	[Start scan DB to send notification]
2023-06-03 11:03:53	[INFO]	[Start scan DB to send notification]
2023-06-03 11:03:58	[INFO]	[Start scan DB to send notification]
2023-06-03 12:12:56	[INFO]	[==================================================]
2023-06-03 12:12:56	[INFO]	[Start logger succesfully]
2023-06-03 12:13:01	[INFO]	[Start scan DB to send notification]
2023-06-03 12:13:01	[ERROR]	[Open DB connection failed: sql: unknown driver "postgres" (forgotten import?)]
2023-06-03 12:13:06	[INFO]	[Start scan DB to send notification]
2023-06-03 12:13:06	[ERROR]	[Open DB connection failed: sql: unknown driver "postgres" (forgotten import?)]
2023-06-03 12:13:11	[INFO]	[Start scan DB to send notification]
2023-06-03 12:13:11	[ERROR]	[Open DB connection failed: sql: unknown driver "postgres" (forgotten import?)]
2023-06-03 12:14:25	[INFO]	[==================================================]
2023-06-03 12:14:25	[INFO]	[Start logger succesfully]
2023-06-03 12:14:30	[INFO]	[Start scan DB to send notification]
2023-06-03 12:14:30	[ERROR]	[Open DB connection failed: sql: unknown driver "postgres" (forgotten import?)]
2023-06-03 12:14:35	[INFO]	[Start scan DB to send notification]
2023-06-03 12:14:35	[ERROR]	[Open DB connection failed: sql: unknown driver "postgres" (forgotten import?)]
2023-06-03 12:14:40	[INFO]	[Start scan DB to send notification]
2023-06-03 12:14:40	[ERROR]	[Open DB connection failed: sql: unknown driver "postgres" (forgotten import?)]
2023-06-03 12:16:23	[INFO]	[==================================================]
2023-06-03 12:16:23	[INFO]	[Start logger succesfully]
2023-06-03 12:16:28	[INFO]	[Start scan DB to send notification]
2023-06-03 12:16:28	[ERROR]	[Get up coin 1 min failed: pq: relation "tblbusd1minpercent" does not exist]
2023-06-03 12:16:28	[INFO]	[Request send message: null]
2023-06-03 12:16:28	[INFO]	[Send message successfully]
2023-06-03 12:16:33	[INFO]	[Start scan DB to send notification]
2023-06-03 12:16:33	[ERROR]	[Get up coin 1 min failed: pq: relation "tblbusd1minpercent" does not exist]
2023-06-03 12:16:33	[INFO]	[Request send message: null]
2023-06-03 12:16:33	[INFO]	[Send message successfully]
2023-06-03 12:16:38	[INFO]	[Start scan DB to send notification]
2023-06-03 12:16:38	[ERROR]	[Get up coin 1 min failed: pq: relation "tblbusd1minpercent" does not exist]
2023-06-03 12:16:38	[INFO]	[Request send message: null]
2023-06-03 12:16:38	[INFO]	[Send message successfully]
2023-06-03 12:16:43	[INFO]	[Start scan DB to send notification]
2023-06-03 12:16:43	[ERROR]	[Get up coin 1 min failed: pq: relation "tblbusd1minpercent" does not exist]
2023-06-03 12:16:43	[INFO]	[Request send message: null]
2023-06-03 12:16:43	[INFO]	[Send message successfully]
2023-06-03 12:16:48	[INFO]	[Start scan DB to send notification]
2023-06-03 12:16:48	[ERROR]	[Get up coin 1 min failed: pq: relation "tblbusd1minpercent" does not exist]
2023-06-03 12:16:48	[INFO]	[Request send message: null]
2023-06-03 12:16:48	[INFO]	[Send message successfully]
2023-06-03 12:16:53	[INFO]	[Start scan DB to send notification]
2023-06-03 12:16:53	[ERROR]	[Get up coin 1 min failed: pq: relation "tblbusd1minpercent" does not exist]
2023-06-03 12:16:53	[INFO]	[Request send message: null]
2023-06-03 12:16:53	[INFO]	[Send message successfully]
2023-06-03 12:16:58	[INFO]	[Start scan DB to send notification]
2023-06-03 12:16:58	[ERROR]	[Get up coin 1 min failed: pq: relation "tblbusd1minpercent" does not exist]
2023-06-03 12:16:58	[INFO]	[Request send message: null]
2023-06-03 12:16:58	[INFO]	[Send message successfully]
2023-06-03 12:17:03	[INFO]	[Start scan DB to send notification]
2023-06-03 12:17:03	[ERROR]	[Get up coin 1 min failed: pq: relation "tblbusd1minpercent" does not exist]
2023-06-03 12:17:03	[INFO]	[Request send message: null]
2023-06-03 12:17:03	[INFO]	[Send message successfully]
2023-06-03 12:17:08	[INFO]	[Start scan DB to send notification]
2023-06-03 12:17:08	[ERROR]	[Get up coin 1 min failed: pq: relation "tblbusd1minpercent" does not exist]
2023-06-03 12:17:08	[INFO]	[Request send message: null]
2023-06-03 12:17:08	[INFO]	[Send message successfully]
2023-06-03 12:17:13	[INFO]	[Start scan DB to send notification]
2023-06-03 12:17:13	[ERROR]	[Get up coin 1 min failed: pq: relation "tblbusd1minpercent" does not exist]
2023-06-03 12:17:13	[INFO]	[Request send message: null]
2023-06-03 12:17:13	[INFO]	[Send message successfully]
2023-06-03 12:17:18	[INFO]	[Start scan DB to send notification]
2023-06-03 12:17:18	[ERROR]	[Get up coin 1 min failed: pq: relation "tblbusd1minpercent" does not exist]
2023-06-03 12:17:18	[INFO]	[Request send message: null]
2023-06-03 12:17:18	[INFO]	[Send message successfully]
2023-06-03 12:17:23	[INFO]	[Start scan DB to send notification]
2023-06-03 12:17:23	[ERROR]	[Get up coin 1 min failed: pq: relation "tblbusd1minpercent" does not exist]
2023-06-03 12:17:23	[INFO]	[Request send message: null]
2023-06-03 12:17:23	[INFO]	[Send message successfully]
2023-06-03 12:17:28	[INFO]	[Start scan DB to send notification]
2023-06-03 12:17:28	[ERROR]	[Get up coin 1 min failed: pq: relation "tblbusd1minpercent" does not exist]
2023-06-03 12:17:28	[INFO]	[Request send message: null]
2023-06-03 12:17:28	[INFO]	[Send message successfully]
2023-06-03 12:17:33	[INFO]	[Start scan DB to send notification]
2023-06-03 12:17:33	[ERROR]	[Get up coin 1 min failed: pq: relation "tblbusd1minpercent" does not exist]
2023-06-03 12:17:33	[INFO]	[Request send message: null]
2023-06-03 12:17:33	[INFO]	[Send message successfully]
2023-06-03 12:17:38	[INFO]	[Start scan DB to send notification]
2023-06-03 12:17:38	[ERROR]	[Get up coin 1 min failed: pq: relation "tblbusd1minpercent" does not exist]
2023-06-03 12:17:38	[INFO]	[Request send message: null]
2023-06-03 12:17:38	[INFO]	[Send message successfully]
2023-06-03 12:17:43	[INFO]	[Start scan DB to send notification]
2023-06-03 12:17:43	[ERROR]	[Get up coin 1 min failed: pq: relation "tblbusd1minpercent" does not exist]
2023-06-03 12:17:43	[INFO]	[Request send message: null]
2023-06-03 12:17:43	[INFO]	[Send message successfully]
2023-06-03 12:17:48	[INFO]	[Start scan DB to send notification]
2023-06-03 12:17:48	[ERROR]	[Get up coin 1 min failed: pq: relation "tblbusd1minpercent" does not exist]
2023-06-03 12:17:48	[INFO]	[Request send message: null]
2023-06-03 12:17:48	[INFO]	[Send message successfully]
2023-06-03 12:17:53	[INFO]	[Start scan DB to send notification]
2023-06-03 12:17:53	[ERROR]	[Get up coin 1 min failed: pq: relation "tblbusd1minpercent" does not exist]
2023-06-03 12:17:53	[INFO]	[Request send message: null]
2023-06-03 12:17:53	[INFO]	[Send message successfully]
2023-06-03 12:17:58	[INFO]	[Start scan DB to send notification]
2023-06-03 12:17:58	[ERROR]	[Get up coin 1 min failed: pq: relation "tblbusd1minpercent" does not exist]
2023-06-03 12:17:58	[INFO]	[Request send message: null]
2023-06-03 12:17:58	[INFO]	[Send message successfully]
2023-06-03 12:18:03	[INFO]	[Start scan DB to send notification]
2023-06-03 12:18:03	[ERROR]	[Get up coin 1 min failed: pq: relation "tblbusd1minpercent" does not exist]
2023-06-03 12:18:03	[INFO]	[Request send message: null]
2023-06-03 12:18:03	[INFO]	[Send message successfully]
2023-06-03 12:18:08	[INFO]	[Start scan DB to send notification]
2023-06-03 12:18:08	[ERROR]	[Get up coin 1 min failed: pq: relation "tblbusd1minpercent" does not exist]
2023-06-03 12:18:08	[INFO]	[Request send message: null]
2023-06-03 12:18:08	[INFO]	[Send message successfully]
2023-06-03 12:18:13	[INFO]	[Start scan DB to send notification]
2023-06-03 12:18:13	[ERROR]	[Get up coin 1 min failed: pq: relation "tblbusd1minpercent" does not exist]
2023-06-03 12:18:13	[INFO]	[Request send message: null]
2023-06-03 12:18:13	[INFO]	[Send message successfully]
2023-06-03 12:18:18	[INFO]	[Start scan DB to send notification]
2023-06-03 12:18:18	[ERROR]	[Get up coin 1 min failed: pq: relation "tblbusd1minpercent" does not exist]
2023-06-03 12:18:18	[INFO]	[Request send message: null]
2023-06-03 12:18:18	[INFO]	[Send message successfully]
2023-06-03 12:18:23	[INFO]	[Start scan DB to send notification]
2023-06-03 12:18:23	[ERROR]	[Get up coin 1 min failed: pq: relation "tblbusd1minpercent" does not exist]
2023-06-03 12:18:23	[INFO]	[Request send message: null]
2023-06-03 12:18:23	[INFO]	[Send message successfully]
2023-06-03 12:18:28	[INFO]	[Start scan DB to send notification]
2023-06-03 12:18:28	[ERROR]	[Get up coin 1 min failed: pq: relation "tblbusd1minpercent" does not exist]
2023-06-03 12:18:28	[INFO]	[Request send message: null]
2023-06-03 12:18:28	[INFO]	[Send message successfully]
2023-06-03 12:18:33	[INFO]	[Start scan DB to send notification]
2023-06-03 12:18:33	[ERROR]	[Get up coin 1 min failed: pq: relation "tblbusd1minpercent" does not exist]
2023-06-03 12:18:33	[INFO]	[Request send message: null]
2023-06-03 12:18:33	[INFO]	[Send message successfully]
2023-06-03 12:18:38	[INFO]	[Start scan DB to send notification]
2023-06-03 12:18:38	[ERROR]	[Get up coin 1 min failed: pq: relation "tblbusd1minpercent" does not exist]
2023-06-03 12:18:38	[INFO]	[Request send message: null]
2023-06-03 12:18:38	[INFO]	[Send message successfully]
2023-06-03 12:18:43	[INFO]	[Start scan DB to send notification]
2023-06-03 12:18:43	[ERROR]	[Get up coin 1 min failed: pq: relation "tblbusd1minpercent" does not exist]
2023-06-03 12:18:43	[INFO]	[Request send message: null]
2023-06-03 12:18:43	[INFO]	[Send message successfully]
2023-06-03 12:18:48	[INFO]	[Start scan DB to send notification]
2023-06-03 12:18:48	[ERROR]	[Get up coin 1 min failed: pq: relation "tblbusd1minpercent" does not exist]
2023-06-03 12:18:48	[INFO]	[Request send message: null]
2023-06-03 12:18:48	[INFO]	[Send message successfully]
2023-06-03 12:18:53	[INFO]	[Start scan DB to send notification]
2023-06-03 12:18:53	[ERROR]	[Get up coin 1 min failed: pq: relation "tblbusd1minpercent" does not exist]
2023-06-03 12:18:53	[INFO]	[Request send message: null]
2023-06-03 12:18:53	[INFO]	[Send message successfully]
2023-06-03 12:18:58	[INFO]	[Start scan DB to send notification]
2023-06-03 12:18:58	[ERROR]	[Get up coin 1 min failed: pq: relation "tblbusd1minpercent" does not exist]
2023-06-03 12:18:58	[INFO]	[Request send message: null]
2023-06-03 12:18:58	[INFO]	[Send message successfully]
2023-06-03 12:19:03	[INFO]	[Start scan DB to send notification]
2023-06-03 12:19:03	[ERROR]	[Get up coin 1 min failed: pq: relation "tblbusd1minpercent" does not exist]
2023-06-03 12:19:03	[INFO]	[Request send message: null]
2023-06-03 12:19:03	[INFO]	[Send message successfully]
2023-06-03 12:19:08	[INFO]	[Start scan DB to send notification]
2023-06-03 12:19:08	[ERROR]	[Get up coin 1 min failed: pq: relation "tblbusd1minpercent" does not exist]
2023-06-03 12:19:08	[INFO]	[Request send message: null]
2023-06-03 12:19:08	[INFO]	[Send message successfully]
2023-06-03 12:19:13	[INFO]	[Start scan DB to send notification]
2023-06-03 12:19:13	[ERROR]	[Get up coin 1 min failed: pq: relation "tblbusd1minpercent" does not exist]
2023-06-03 12:19:13	[INFO]	[Request send message: null]
2023-06-03 12:19:13	[INFO]	[Send message successfully]
2023-06-03 12:19:18	[INFO]	[Start scan DB to send notification]
2023-06-03 12:19:18	[ERROR]	[Get up coin 1 min failed: pq: relation "tblbusd1minpercent" does not exist]
2023-06-03 12:19:18	[INFO]	[Request send message: null]
2023-06-03 12:19:18	[INFO]	[Send message successfully]
2023-06-03 12:19:23	[INFO]	[Start scan DB to send notification]
2023-06-03 12:19:23	[ERROR]	[Get up coin 1 min failed: pq: relation "tblbusd1minpercent" does not exist]
2023-06-03 12:19:23	[INFO]	[Request send message: null]
2023-06-03 12:19:23	[INFO]	[Send message successfully]
2023-06-03 12:19:28	[INFO]	[Start scan DB to send notification]
2023-06-03 12:19:28	[ERROR]	[Get up coin 1 min failed: pq: relation "tblbusd1minpercent" does not exist]
2023-06-03 12:19:28	[INFO]	[Request send message: null]
2023-06-03 12:19:28	[INFO]	[Send message successfully]
2023-06-03 12:19:33	[INFO]	[Start scan DB to send notification]
2023-06-03 12:19:33	[ERROR]	[Get up coin 1 min failed: pq: relation "tblbusd1minpercent" does not exist]
2023-06-03 12:19:33	[INFO]	[Request send message: null]
2023-06-03 12:19:33	[INFO]	[Send message successfully]
2023-06-03 12:19:38	[INFO]	[Start scan DB to send notification]
2023-06-03 12:19:38	[ERROR]	[Get up coin 1 min failed: pq: relation "tblbusd1minpercent" does not exist]
2023-06-03 12:19:38	[INFO]	[Request send message: null]
2023-06-03 12:19:38	[INFO]	[Send message successfully]
2023-06-03 12:19:53	[INFO]	[==================================================]
2023-06-03 12:19:53	[INFO]	[Start logger succesfully]
2023-06-03 12:19:58	[INFO]	[Start scan DB to send notification]
2023-06-03 12:19:58	[INFO]	[Request send message: [{"ID":18445946,"Time":{"Time":"2023-06-03T05:18:05.617376Z","Valid":true},"Prevtime":{"Time":"2023-06-03T05:17:05.598862Z","Valid":true},"Symbol":{"String":"NMRBUSD","Valid":true},"Price":{"Float64":14.95,"Valid":true},"Prevprice":{"Float64":14.87,"Valid":true},"Percent":{"Float64":0.0053799544,"Valid":true}},{"ID":18446168,"Time":{"Time":"2023-06-03T05:18:05.617376Z","Valid":true},"Prevtime":{"Time":"2023-06-03T05:17:05.598862Z","Valid":true},"Symbol":{"String":"API3BUSD","Valid":true},"Price":{"Float64":1.301,"Valid":true},"Prevprice":{"Float64":1.297,"Valid":true},"Percent":{"Float64":0.0030840002,"Valid":true}},{"ID":18446191,"Time":{"Time":"2023-06-03T05:18:05.617376Z","Valid":true},"Prevtime":{"Time":"2023-06-03T05:17:05.598862Z","Valid":true},"Symbol":{"String":"STEEMBUSD","Valid":true},"Price":{"Float64":0.1845,"Valid":true},"Prevprice":{"Float64":0.1842,"Valid":true},"Percent":{"Float64":0.0016286111,"Valid":true}},{"ID":18446107,"Time":{"Time":"2023-06-03T05:18:05.617376Z","Valid":true},"Prevtime":{"Time":"2023-06-03T05:17:05.598862Z","Valid":true},"Symbol":{"String":"SUNBUSD","Valid":true},"Price":{"Float64":0.00626,"Valid":true},"Prevprice":{"Float64":0.00625,"Valid":true},"Percent":{"Float64":0.0016000122,"Valid":true}},{"ID":18445959,"Time":{"Time":"2023-06-03T05:18:05.617376Z","Valid":true},"Prevtime":{"Time":"2023-06-03T05:17:05.598862Z","Valid":true},"Symbol":{"String":"DIABUSD","Valid":true},"Price":{"Float64":0.2952,"Valid":true},"Prevprice":{"Float64":0.2949,"Valid":true},"Percent":{"Float64":0.0010172607,"Valid":true}}]]
2023-06-03 12:19:58	[INFO]	[Send message successfully]
2023-06-03 12:20:03	[INFO]	[Start scan DB to send notification]
2023-06-03 12:20:03	[INFO]	[Request send message: [{"ID":18445946,"Time":{"Time":"2023-06-03T05:18:05.617376Z","Valid":true},"Prevtime":{"Time":"2023-06-03T05:17:05.598862Z","Valid":true},"Symbol":{"String":"NMRBUSD","Valid":true},"Price":{"Float64":14.95,"Valid":true},"Prevprice":{"Float64":14.87,"Valid":true},"Percent":{"Float64":0.0053799544,"Valid":true}},{"ID":18446168,"Time":{"Time":"2023-06-03T05:18:05.617376Z","Valid":true},"Prevtime":{"Time":"2023-06-03T05:17:05.598862Z","Valid":true},"Symbol":{"String":"API3BUSD","Valid":true},"Price":{"Float64":1.301,"Valid":true},"Prevprice":{"Float64":1.297,"Valid":true},"Percent":{"Float64":0.0030840002,"Valid":true}},{"ID":18446191,"Time":{"Time":"2023-06-03T05:18:05.617376Z","Valid":true},"Prevtime":{"Time":"2023-06-03T05:17:05.598862Z","Valid":true},"Symbol":{"String":"STEEMBUSD","Valid":true},"Price":{"Float64":0.1845,"Valid":true},"Prevprice":{"Float64":0.1842,"Valid":true},"Percent":{"Float64":0.0016286111,"Valid":true}},{"ID":18446107,"Time":{"Time":"2023-06-03T05:18:05.617376Z","Valid":true},"Prevtime":{"Time":"2023-06-03T05:17:05.598862Z","Valid":true},"Symbol":{"String":"SUNBUSD","Valid":true},"Price":{"Float64":0.00626,"Valid":true},"Prevprice":{"Float64":0.00625,"Valid":true},"Percent":{"Float64":0.0016000122,"Valid":true}},{"ID":18445959,"Time":{"Time":"2023-06-03T05:18:05.617376Z","Valid":true},"Prevtime":{"Time":"2023-06-03T05:17:05.598862Z","Valid":true},"Symbol":{"String":"DIABUSD","Valid":true},"Price":{"Float64":0.2952,"Valid":true},"Prevprice":{"Float64":0.2949,"Valid":true},"Percent":{"Float64":0.0010172607,"Valid":true}}]]
2023-06-03 12:20:03	[INFO]	[Send message successfully]
2023-06-03 12:20:08	[INFO]	[Start scan DB to send notification]
2023-06-03 12:20:08	[INFO]	[Request send message: [{"ID":18445946,"Time":{"Time":"2023-06-03T05:18:05.617376Z","Valid":true},"Prevtime":{"Time":"2023-06-03T05:17:05.598862Z","Valid":true},"Symbol":{"String":"NMRBUSD","Valid":true},"Price":{"Float64":14.95,"Valid":true},"Prevprice":{"Float64":14.87,"Valid":true},"Percent":{"Float64":0.0053799544,"Valid":true}},{"ID":18446168,"Time":{"Time":"2023-06-03T05:18:05.617376Z","Valid":true},"Prevtime":{"Time":"2023-06-03T05:17:05.598862Z","Valid":true},"Symbol":{"String":"API3BUSD","Valid":true},"Price":{"Float64":1.301,"Valid":true},"Prevprice":{"Float64":1.297,"Valid":true},"Percent":{"Float64":0.0030840002,"Valid":true}},{"ID":18446191,"Time":{"Time":"2023-06-03T05:18:05.617376Z","Valid":true},"Prevtime":{"Time":"2023-06-03T05:17:05.598862Z","Valid":true},"Symbol":{"String":"STEEMBUSD","Valid":true},"Price":{"Float64":0.1845,"Valid":true},"Prevprice":{"Float64":0.1842,"Valid":true},"Percent":{"Float64":0.0016286111,"Valid":true}},{"ID":18446107,"Time":{"Time":"2023-06-03T05:18:05.617376Z","Valid":true},"Prevtime":{"Time":"2023-06-03T05:17:05.598862Z","Valid":true},"Symbol":{"String":"SUNBUSD","Valid":true},"Price":{"Float64":0.00626,"Valid":true},"Prevprice":{"Float64":0.00625,"Valid":true},"Percent":{"Float64":0.0016000122,"Valid":true}},{"ID":18445959,"Time":{"Time":"2023-06-03T05:18:05.617376Z","Valid":true},"Prevtime":{"Time":"2023-06-03T05:17:05.598862Z","Valid":true},"Symbol":{"String":"DIABUSD","Valid":true},"Price":{"Float64":0.2952,"Valid":true},"Prevprice":{"Float64":0.2949,"Valid":true},"Percent":{"Float64":0.0010172607,"Valid":true}}]]
2023-06-03 12:20:08	[INFO]	[Send message successfully]
2023-06-03 12:20:13	[INFO]	[Start scan DB to send notification]
2023-06-03 12:20:13	[INFO]	[Request send message: [{"ID":18445946,"Time":{"Time":"2023-06-03T05:18:05.617376Z","Valid":true},"Prevtime":{"Time":"2023-06-03T05:17:05.598862Z","Valid":true},"Symbol":{"String":"NMRBUSD","Valid":true},"Price":{"Float64":14.95,"Valid":true},"Prevprice":{"Float64":14.87,"Valid":true},"Percent":{"Float64":0.0053799544,"Valid":true}},{"ID":18446168,"Time":{"Time":"2023-06-03T05:18:05.617376Z","Valid":true},"Prevtime":{"Time":"2023-06-03T05:17:05.598862Z","Valid":true},"Symbol":{"String":"API3BUSD","Valid":true},"Price":{"Float64":1.301,"Valid":true},"Prevprice":{"Float64":1.297,"Valid":true},"Percent":{"Float64":0.0030840002,"Valid":true}},{"ID":18446191,"Time":{"Time":"2023-06-03T05:18:05.617376Z","Valid":true},"Prevtime":{"Time":"2023-06-03T05:17:05.598862Z","Valid":true},"Symbol":{"String":"STEEMBUSD","Valid":true},"Price":{"Float64":0.1845,"Valid":true},"Prevprice":{"Float64":0.1842,"Valid":true},"Percent":{"Float64":0.0016286111,"Valid":true}},{"ID":18446107,"Time":{"Time":"2023-06-03T05:18:05.617376Z","Valid":true},"Prevtime":{"Time":"2023-06-03T05:17:05.598862Z","Valid":true},"Symbol":{"String":"SUNBUSD","Valid":true},"Price":{"Float64":0.00626,"Valid":true},"Prevprice":{"Float64":0.00625,"Valid":true},"Percent":{"Float64":0.0016000122,"Valid":true}},{"ID":18445959,"Time":{"Time":"2023-06-03T05:18:05.617376Z","Valid":true},"Prevtime":{"Time":"2023-06-03T05:17:05.598862Z","Valid":true},"Symbol":{"String":"DIABUSD","Valid":true},"Price":{"Float64":0.2952,"Valid":true},"Prevprice":{"Float64":0.2949,"Valid":true},"Percent":{"Float64":0.0010172607,"Valid":true}}]]
2023-06-03 12:20:13	[INFO]	[Send message successfully]
2023-06-03 12:20:18	[INFO]	[Start scan DB to send notification]
2023-06-03 12:20:18	[INFO]	[Request send message: [{"ID":18445946,"Time":{"Time":"2023-06-03T05:18:05.617376Z","Valid":true},"Prevtime":{"Time":"2023-06-03T05:17:05.598862Z","Valid":true},"Symbol":{"String":"NMRBUSD","Valid":true},"Price":{"Float64":14.95,"Valid":true},"Prevprice":{"Float64":14.87,"Valid":true},"Percent":{"Float64":0.0053799544,"Valid":true}},{"ID":18446168,"Time":{"Time":"2023-06-03T05:18:05.617376Z","Valid":true},"Prevtime":{"Time":"2023-06-03T05:17:05.598862Z","Valid":true},"Symbol":{"String":"API3BUSD","Valid":true},"Price":{"Float64":1.301,"Valid":true},"Prevprice":{"Float64":1.297,"Valid":true},"Percent":{"Float64":0.0030840002,"Valid":true}},{"ID":18446191,"Time":{"Time":"2023-06-03T05:18:05.617376Z","Valid":true},"Prevtime":{"Time":"2023-06-03T05:17:05.598862Z","Valid":true},"Symbol":{"String":"STEEMBUSD","Valid":true},"Price":{"Float64":0.1845,"Valid":true},"Prevprice":{"Float64":0.1842,"Valid":true},"Percent":{"Float64":0.0016286111,"Valid":true}},{"ID":18446107,"Time":{"Time":"2023-06-03T05:18:05.617376Z","Valid":true},"Prevtime":{"Time":"2023-06-03T05:17:05.598862Z","Valid":true},"Symbol":{"String":"SUNBUSD","Valid":true},"Price":{"Float64":0.00626,"Valid":true},"Prevprice":{"Float64":0.00625,"Valid":true},"Percent":{"Float64":0.0016000122,"Valid":true}},{"ID":18445959,"Time":{"Time":"2023-06-03T05:18:05.617376Z","Valid":true},"Prevtime":{"Time":"2023-06-03T05:17:05.598862Z","Valid":true},"Symbol":{"String":"DIABUSD","Valid":true},"Price":{"Float64":0.2952,"Valid":true},"Prevprice":{"Float64":0.2949,"Valid":true},"Percent":{"Float64":0.0010172607,"Valid":true}}]]
2023-06-03 12:20:18	[INFO]	[Send message successfully]
2023-06-03 12:20:23	[INFO]	[Start scan DB to send notification]
2023-06-03 12:20:23	[INFO]	[Request send message: [{"ID":18445946,"Time":{"Time":"2023-06-03T05:18:05.617376Z","Valid":true},"Prevtime":{"Time":"2023-06-03T05:17:05.598862Z","Valid":true},"Symbol":{"String":"NMRBUSD","Valid":true},"Price":{"Float64":14.95,"Valid":true},"Prevprice":{"Float64":14.87,"Valid":true},"Percent":{"Float64":0.0053799544,"Valid":true}},{"ID":18446168,"Time":{"Time":"2023-06-03T05:18:05.617376Z","Valid":true},"Prevtime":{"Time":"2023-06-03T05:17:05.598862Z","Valid":true},"Symbol":{"String":"API3BUSD","Valid":true},"Price":{"Float64":1.301,"Valid":true},"Prevprice":{"Float64":1.297,"Valid":true},"Percent":{"Float64":0.0030840002,"Valid":true}},{"ID":18446191,"Time":{"Time":"2023-06-03T05:18:05.617376Z","Valid":true},"Prevtime":{"Time":"2023-06-03T05:17:05.598862Z","Valid":true},"Symbol":{"String":"STEEMBUSD","Valid":true},"Price":{"Float64":0.1845,"Valid":true},"Prevprice":{"Float64":0.1842,"Valid":true},"Percent":{"Float64":0.0016286111,"Valid":true}},{"ID":18446107,"Time":{"Time":"2023-06-03T05:18:05.617376Z","Valid":true},"Prevtime":{"Time":"2023-06-03T05:17:05.598862Z","Valid":true},"Symbol":{"String":"SUNBUSD","Valid":true},"Price":{"Float64":0.00626,"Valid":true},"Prevprice":{"Float64":0.00625,"Valid":true},"Percent":{"Float64":0.0016000122,"Valid":true}},{"ID":18445959,"Time":{"Time":"2023-06-03T05:18:05.617376Z","Valid":true},"Prevtime":{"Time":"2023-06-03T05:17:05.598862Z","Valid":true},"Symbol":{"String":"DIABUSD","Valid":true},"Price":{"Float64":0.2952,"Valid":true},"Prevprice":{"Float64":0.2949,"Valid":true},"Percent":{"Float64":0.0010172607,"Valid":true}}]]
2023-06-03 12:20:23	[INFO]	[Send message successfully]
2023-06-03 12:20:28	[INFO]	[Start scan DB to send notification]
2023-06-03 12:20:28	[INFO]	[Request send message: [{"ID":18445946,"Time":{"Time":"2023-06-03T05:18:05.617376Z","Valid":true},"Prevtime":{"Time":"2023-06-03T05:17:05.598862Z","Valid":true},"Symbol":{"String":"NMRBUSD","Valid":true},"Price":{"Float64":14.95,"Valid":true},"Prevprice":{"Float64":14.87,"Valid":true},"Percent":{"Float64":0.0053799544,"Valid":true}},{"ID":18446168,"Time":{"Time":"2023-06-03T05:18:05.617376Z","Valid":true},"Prevtime":{"Time":"2023-06-03T05:17:05.598862Z","Valid":true},"Symbol":{"String":"API3BUSD","Valid":true},"Price":{"Float64":1.301,"Valid":true},"Prevprice":{"Float64":1.297,"Valid":true},"Percent":{"Float64":0.0030840002,"Valid":true}},{"ID":18446191,"Time":{"Time":"2023-06-03T05:18:05.617376Z","Valid":true},"Prevtime":{"Time":"2023-06-03T05:17:05.598862Z","Valid":true},"Symbol":{"String":"STEEMBUSD","Valid":true},"Price":{"Float64":0.1845,"Valid":true},"Prevprice":{"Float64":0.1842,"Valid":true},"Percent":{"Float64":0.0016286111,"Valid":true}},{"ID":18446107,"Time":{"Time":"2023-06-03T05:18:05.617376Z","Valid":true},"Prevtime":{"Time":"2023-06-03T05:17:05.598862Z","Valid":true},"Symbol":{"String":"SUNBUSD","Valid":true},"Price":{"Float64":0.00626,"Valid":true},"Prevprice":{"Float64":0.00625,"Valid":true},"Percent":{"Float64":0.0016000122,"Valid":true}},{"ID":18445959,"Time":{"Time":"2023-06-03T05:18:05.617376Z","Valid":true},"Prevtime":{"Time":"2023-06-03T05:17:05.598862Z","Valid":true},"Symbol":{"String":"DIABUSD","Valid":true},"Price":{"Float64":0.2952,"Valid":true},"Prevprice":{"Float64":0.2949,"Valid":true},"Percent":{"Float64":0.0010172607,"Valid":true}}]]
2023-06-03 12:20:28	[INFO]	[Send message successfully]
2023-06-03 12:20:33	[INFO]	[Start scan DB to send notification]
2023-06-03 12:20:33	[INFO]	[Request send message: [{"ID":18445946,"Time":{"Time":"2023-06-03T05:18:05.617376Z","Valid":true},"Prevtime":{"Time":"2023-06-03T05:17:05.598862Z","Valid":true},"Symbol":{"String":"NMRBUSD","Valid":true},"Price":{"Float64":14.95,"Valid":true},"Prevprice":{"Float64":14.87,"Valid":true},"Percent":{"Float64":0.0053799544,"Valid":true}},{"ID":18446168,"Time":{"Time":"2023-06-03T05:18:05.617376Z","Valid":true},"Prevtime":{"Time":"2023-06-03T05:17:05.598862Z","Valid":true},"Symbol":{"String":"API3BUSD","Valid":true},"Price":{"Float64":1.301,"Valid":true},"Prevprice":{"Float64":1.297,"Valid":true},"Percent":{"Float64":0.0030840002,"Valid":true}},{"ID":18446191,"Time":{"Time":"2023-06-03T05:18:05.617376Z","Valid":true},"Prevtime":{"Time":"2023-06-03T05:17:05.598862Z","Valid":true},"Symbol":{"String":"STEEMBUSD","Valid":true},"Price":{"Float64":0.1845,"Valid":true},"Prevprice":{"Float64":0.1842,"Valid":true},"Percent":{"Float64":0.0016286111,"Valid":true}},{"ID":18446107,"Time":{"Time":"2023-06-03T05:18:05.617376Z","Valid":true},"Prevtime":{"Time":"2023-06-03T05:17:05.598862Z","Valid":true},"Symbol":{"String":"SUNBUSD","Valid":true},"Price":{"Float64":0.00626,"Valid":true},"Prevprice":{"Float64":0.00625,"Valid":true},"Percent":{"Float64":0.0016000122,"Valid":true}},{"ID":18445959,"Time":{"Time":"2023-06-03T05:18:05.617376Z","Valid":true},"Prevtime":{"Time":"2023-06-03T05:17:05.598862Z","Valid":true},"Symbol":{"String":"DIABUSD","Valid":true},"Price":{"Float64":0.2952,"Valid":true},"Prevprice":{"Float64":0.2949,"Valid":true},"Percent":{"Float64":0.0010172607,"Valid":true}}]]
2023-06-03 12:20:33	[INFO]	[Send message successfully]
2023-06-03 12:20:38	[INFO]	[Start scan DB to send notification]
2023-06-03 12:20:38	[INFO]	[Request send message: [{"ID":18445946,"Time":{"Time":"2023-06-03T05:18:05.617376Z","Valid":true},"Prevtime":{"Time":"2023-06-03T05:17:05.598862Z","Valid":true},"Symbol":{"String":"NMRBUSD","Valid":true},"Price":{"Float64":14.95,"Valid":true},"Prevprice":{"Float64":14.87,"Valid":true},"Percent":{"Float64":0.0053799544,"Valid":true}},{"ID":18446168,"Time":{"Time":"2023-06-03T05:18:05.617376Z","Valid":true},"Prevtime":{"Time":"2023-06-03T05:17:05.598862Z","Valid":true},"Symbol":{"String":"API3BUSD","Valid":true},"Price":{"Float64":1.301,"Valid":true},"Prevprice":{"Float64":1.297,"Valid":true},"Percent":{"Float64":0.0030840002,"Valid":true}},{"ID":18446191,"Time":{"Time":"2023-06-03T05:18:05.617376Z","Valid":true},"Prevtime":{"Time":"2023-06-03T05:17:05.598862Z","Valid":true},"Symbol":{"String":"STEEMBUSD","Valid":true},"Price":{"Float64":0.1845,"Valid":true},"Prevprice":{"Float64":0.1842,"Valid":true},"Percent":{"Float64":0.0016286111,"Valid":true}},{"ID":18446107,"Time":{"Time":"2023-06-03T05:18:05.617376Z","Valid":true},"Prevtime":{"Time":"2023-06-03T05:17:05.598862Z","Valid":true},"Symbol":{"String":"SUNBUSD","Valid":true},"Price":{"Float64":0.00626,"Valid":true},"Prevprice":{"Float64":0.00625,"Valid":true},"Percent":{"Float64":0.0016000122,"Valid":true}},{"ID":18445959,"Time":{"Time":"2023-06-03T05:18:05.617376Z","Valid":true},"Prevtime":{"Time":"2023-06-03T05:17:05.598862Z","Valid":true},"Symbol":{"String":"DIABUSD","Valid":true},"Price":{"Float64":0.2952,"Valid":true},"Prevprice":{"Float64":0.2949,"Valid":true},"Percent":{"Float64":0.0010172607,"Valid":true}}]]
2023-06-03 12:20:38	[INFO]	[Send message successfully]
2023-06-03 12:20:43	[INFO]	[Start scan DB to send notification]
2023-06-03 12:20:43	[INFO]	[Request send message: [{"ID":18445946,"Time":{"Time":"2023-06-03T05:18:05.617376Z","Valid":true},"Prevtime":{"Time":"2023-06-03T05:17:05.598862Z","Valid":true},"Symbol":{"String":"NMRBUSD","Valid":true},"Price":{"Float64":14.95,"Valid":true},"Prevprice":{"Float64":14.87,"Valid":true},"Percent":{"Float64":0.0053799544,"Valid":true}},{"ID":18446168,"Time":{"Time":"2023-06-03T05:18:05.617376Z","Valid":true},"Prevtime":{"Time":"2023-06-03T05:17:05.598862Z","Valid":true},"Symbol":{"String":"API3BUSD","Valid":true},"Price":{"Float64":1.301,"Valid":true},"Prevprice":{"Float64":1.297,"Valid":true},"Percent":{"Float64":0.0030840002,"Valid":true}},{"ID":18446191,"Time":{"Time":"2023-06-03T05:18:05.617376Z","Valid":true},"Prevtime":{"Time":"2023-06-03T05:17:05.598862Z","Valid":true},"Symbol":{"String":"STEEMBUSD","Valid":true},"Price":{"Float64":0.1845,"Valid":true},"Prevprice":{"Float64":0.1842,"Valid":true},"Percent":{"Float64":0.0016286111,"Valid":true}},{"ID":18446107,"Time":{"Time":"2023-06-03T05:18:05.617376Z","Valid":true},"Prevtime":{"Time":"2023-06-03T05:17:05.598862Z","Valid":true},"Symbol":{"String":"SUNBUSD","Valid":true},"Price":{"Float64":0.00626,"Valid":true},"Prevprice":{"Float64":0.00625,"Valid":true},"Percent":{"Float64":0.0016000122,"Valid":true}},{"ID":18445959,"Time":{"Time":"2023-06-03T05:18:05.617376Z","Valid":true},"Prevtime":{"Time":"2023-06-03T05:17:05.598862Z","Valid":true},"Symbol":{"String":"DIABUSD","Valid":true},"Price":{"Float64":0.2952,"Valid":true},"Prevprice":{"Float64":0.2949,"Valid":true},"Percent":{"Float64":0.0010172607,"Valid":true}}]]
2023-06-03 12:20:43	[INFO]	[Send message successfully]
2023-06-03 12:20:48	[INFO]	[Start scan DB to send notification]
2023-06-03 12:20:48	[INFO]	[Request send message: [{"ID":18445946,"Time":{"Time":"2023-06-03T05:18:05.617376Z","Valid":true},"Prevtime":{"Time":"2023-06-03T05:17:05.598862Z","Valid":true},"Symbol":{"String":"NMRBUSD","Valid":true},"Price":{"Float64":14.95,"Valid":true},"Prevprice":{"Float64":14.87,"Valid":true},"Percent":{"Float64":0.0053799544,"Valid":true}},{"ID":18446168,"Time":{"Time":"2023-06-03T05:18:05.617376Z","Valid":true},"Prevtime":{"Time":"2023-06-03T05:17:05.598862Z","Valid":true},"Symbol":{"String":"API3BUSD","Valid":true},"Price":{"Float64":1.301,"Valid":true},"Prevprice":{"Float64":1.297,"Valid":true},"Percent":{"Float64":0.0030840002,"Valid":true}},{"ID":18446191,"Time":{"Time":"2023-06-03T05:18:05.617376Z","Valid":true},"Prevtime":{"Time":"2023-06-03T05:17:05.598862Z","Valid":true},"Symbol":{"String":"STEEMBUSD","Valid":true},"Price":{"Float64":0.1845,"Valid":true},"Prevprice":{"Float64":0.1842,"Valid":true},"Percent":{"Float64":0.0016286111,"Valid":true}},{"ID":18446107,"Time":{"Time":"2023-06-03T05:18:05.617376Z","Valid":true},"Prevtime":{"Time":"2023-06-03T05:17:05.598862Z","Valid":true},"Symbol":{"String":"SUNBUSD","Valid":true},"Price":{"Float64":0.00626,"Valid":true},"Prevprice":{"Float64":0.00625,"Valid":true},"Percent":{"Float64":0.0016000122,"Valid":true}},{"ID":18445959,"Time":{"Time":"2023-06-03T05:18:05.617376Z","Valid":true},"Prevtime":{"Time":"2023-06-03T05:17:05.598862Z","Valid":true},"Symbol":{"String":"DIABUSD","Valid":true},"Price":{"Float64":0.2952,"Valid":true},"Prevprice":{"Float64":0.2949,"Valid":true},"Percent":{"Float64":0.0010172607,"Valid":true}}]]
2023-06-03 12:20:48	[INFO]	[Send message successfully]
2023-06-03 12:20:53	[INFO]	[Start scan DB to send notification]
2023-06-03 12:20:53	[INFO]	[Request send message: [{"ID":18445946,"Time":{"Time":"2023-06-03T05:18:05.617376Z","Valid":true},"Prevtime":{"Time":"2023-06-03T05:17:05.598862Z","Valid":true},"Symbol":{"String":"NMRBUSD","Valid":true},"Price":{"Float64":14.95,"Valid":true},"Prevprice":{"Float64":14.87,"Valid":true},"Percent":{"Float64":0.0053799544,"Valid":true}},{"ID":18446168,"Time":{"Time":"2023-06-03T05:18:05.617376Z","Valid":true},"Prevtime":{"Time":"2023-06-03T05:17:05.598862Z","Valid":true},"Symbol":{"String":"API3BUSD","Valid":true},"Price":{"Float64":1.301,"Valid":true},"Prevprice":{"Float64":1.297,"Valid":true},"Percent":{"Float64":0.0030840002,"Valid":true}},{"ID":18446191,"Time":{"Time":"2023-06-03T05:18:05.617376Z","Valid":true},"Prevtime":{"Time":"2023-06-03T05:17:05.598862Z","Valid":true},"Symbol":{"String":"STEEMBUSD","Valid":true},"Price":{"Float64":0.1845,"Valid":true},"Prevprice":{"Float64":0.1842,"Valid":true},"Percent":{"Float64":0.0016286111,"Valid":true}},{"ID":18446107,"Time":{"Time":"2023-06-03T05:18:05.617376Z","Valid":true},"Prevtime":{"Time":"2023-06-03T05:17:05.598862Z","Valid":true},"Symbol":{"String":"SUNBUSD","Valid":true},"Price":{"Float64":0.00626,"Valid":true},"Prevprice":{"Float64":0.00625,"Valid":true},"Percent":{"Float64":0.0016000122,"Valid":true}},{"ID":18445959,"Time":{"Time":"2023-06-03T05:18:05.617376Z","Valid":true},"Prevtime":{"Time":"2023-06-03T05:17:05.598862Z","Valid":true},"Symbol":{"String":"DIABUSD","Valid":true},"Price":{"Float64":0.2952,"Valid":true},"Prevprice":{"Float64":0.2949,"Valid":true},"Percent":{"Float64":0.0010172607,"Valid":true}}]]
2023-06-03 12:20:53	[INFO]	[Send message successfully]
2023-06-03 12:21:53	[INFO]	[==================================================]
2023-06-03 12:21:53	[INFO]	[Start logger succesfully]
2023-06-03 12:21:58	[INFO]	[Start scan DB to send notification]
2023-06-03 12:21:58	[INFO]	[Request send message: [{"ID":18445946,"Time":{"Time":"2023-06-03T05:18:05.617376Z","Valid":true},"Prevtime":{"Time":"2023-06-03T05:17:05.598862Z","Valid":true},"Symbol":{"String":"NMRBUSD","Valid":true},"Price":{"Float64":14.95,"Valid":true},"Prevprice":{"Float64":14.87,"Valid":true},"Percent":{"Float64":0.0053799544,"Valid":true}},{"ID":18446168,"Time":{"Time":"2023-06-03T05:18:05.617376Z","Valid":true},"Prevtime":{"Time":"2023-06-03T05:17:05.598862Z","Valid":true},"Symbol":{"String":"API3BUSD","Valid":true},"Price":{"Float64":1.301,"Valid":true},"Prevprice":{"Float64":1.297,"Valid":true},"Percent":{"Float64":0.0030840002,"Valid":true}},{"ID":18446191,"Time":{"Time":"2023-06-03T05:18:05.617376Z","Valid":true},"Prevtime":{"Time":"2023-06-03T05:17:05.598862Z","Valid":true},"Symbol":{"String":"STEEMBUSD","Valid":true},"Price":{"Float64":0.1845,"Valid":true},"Prevprice":{"Float64":0.1842,"Valid":true},"Percent":{"Float64":0.0016286111,"Valid":true}},{"ID":18446107,"Time":{"Time":"2023-06-03T05:18:05.617376Z","Valid":true},"Prevtime":{"Time":"2023-06-03T05:17:05.598862Z","Valid":true},"Symbol":{"String":"SUNBUSD","Valid":true},"Price":{"Float64":0.00626,"Valid":true},"Prevprice":{"Float64":0.00625,"Valid":true},"Percent":{"Float64":0.0016000122,"Valid":true}},{"ID":18445959,"Time":{"Time":"2023-06-03T05:18:05.617376Z","Valid":true},"Prevtime":{"Time":"2023-06-03T05:17:05.598862Z","Valid":true},"Symbol":{"String":"DIABUSD","Valid":true},"Price":{"Float64":0.2952,"Valid":true},"Prevprice":{"Float64":0.2949,"Valid":true},"Percent":{"Float64":0.0010172607,"Valid":true}}]]
2023-06-03 12:22:03	[INFO]	[Start scan DB to send notification]
2023-06-03 12:22:03	[INFO]	[Request send message: [{"ID":18445946,"Time":{"Time":"2023-06-03T05:18:05.617376Z","Valid":true},"Prevtime":{"Time":"2023-06-03T05:17:05.598862Z","Valid":true},"Symbol":{"String":"NMRBUSD","Valid":true},"Price":{"Float64":14.95,"Valid":true},"Prevprice":{"Float64":14.87,"Valid":true},"Percent":{"Float64":0.0053799544,"Valid":true}},{"ID":18446168,"Time":{"Time":"2023-06-03T05:18:05.617376Z","Valid":true},"Prevtime":{"Time":"2023-06-03T05:17:05.598862Z","Valid":true},"Symbol":{"String":"API3BUSD","Valid":true},"Price":{"Float64":1.301,"Valid":true},"Prevprice":{"Float64":1.297,"Valid":true},"Percent":{"Float64":0.0030840002,"Valid":true}},{"ID":18446191,"Time":{"Time":"2023-06-03T05:18:05.617376Z","Valid":true},"Prevtime":{"Time":"2023-06-03T05:17:05.598862Z","Valid":true},"Symbol":{"String":"STEEMBUSD","Valid":true},"Price":{"Float64":0.1845,"Valid":true},"Prevprice":{"Float64":0.1842,"Valid":true},"Percent":{"Float64":0.0016286111,"Valid":true}},{"ID":18446107,"Time":{"Time":"2023-06-03T05:18:05.617376Z","Valid":true},"Prevtime":{"Time":"2023-06-03T05:17:05.598862Z","Valid":true},"Symbol":{"String":"SUNBUSD","Valid":true},"Price":{"Float64":0.00626,"Valid":true},"Prevprice":{"Float64":0.00625,"Valid":true},"Percent":{"Float64":0.0016000122,"Valid":true}},{"ID":18445959,"Time":{"Time":"2023-06-03T05:18:05.617376Z","Valid":true},"Prevtime":{"Time":"2023-06-03T05:17:05.598862Z","Valid":true},"Symbol":{"String":"DIABUSD","Valid":true},"Price":{"Float64":0.2952,"Valid":true},"Prevprice":{"Float64":0.2949,"Valid":true},"Percent":{"Float64":0.0010172607,"Valid":true}}]]
2023-06-03 12:22:08	[INFO]	[Start scan DB to send notification]
2023-06-03 12:22:08	[INFO]	[Request send message: [{"ID":18445946,"Time":{"Time":"2023-06-03T05:18:05.617376Z","Valid":true},"Prevtime":{"Time":"2023-06-03T05:17:05.598862Z","Valid":true},"Symbol":{"String":"NMRBUSD","Valid":true},"Price":{"Float64":14.95,"Valid":true},"Prevprice":{"Float64":14.87,"Valid":true},"Percent":{"Float64":0.0053799544,"Valid":true}},{"ID":18446168,"Time":{"Time":"2023-06-03T05:18:05.617376Z","Valid":true},"Prevtime":{"Time":"2023-06-03T05:17:05.598862Z","Valid":true},"Symbol":{"String":"API3BUSD","Valid":true},"Price":{"Float64":1.301,"Valid":true},"Prevprice":{"Float64":1.297,"Valid":true},"Percent":{"Float64":0.0030840002,"Valid":true}},{"ID":18446191,"Time":{"Time":"2023-06-03T05:18:05.617376Z","Valid":true},"Prevtime":{"Time":"2023-06-03T05:17:05.598862Z","Valid":true},"Symbol":{"String":"STEEMBUSD","Valid":true},"Price":{"Float64":0.1845,"Valid":true},"Prevprice":{"Float64":0.1842,"Valid":true},"Percent":{"Float64":0.0016286111,"Valid":true}},{"ID":18446107,"Time":{"Time":"2023-06-03T05:18:05.617376Z","Valid":true},"Prevtime":{"Time":"2023-06-03T05:17:05.598862Z","Valid":true},"Symbol":{"String":"SUNBUSD","Valid":true},"Price":{"Float64":0.00626,"Valid":true},"Prevprice":{"Float64":0.00625,"Valid":true},"Percent":{"Float64":0.0016000122,"Valid":true}},{"ID":18445959,"Time":{"Time":"2023-06-03T05:18:05.617376Z","Valid":true},"Prevtime":{"Time":"2023-06-03T05:17:05.598862Z","Valid":true},"Symbol":{"String":"DIABUSD","Valid":true},"Price":{"Float64":0.2952,"Valid":true},"Prevprice":{"Float64":0.2949,"Valid":true},"Percent":{"Float64":0.0010172607,"Valid":true}}]]
2023-06-03 12:22:13	[INFO]	[Start scan DB to send notification]
2023-06-03 12:22:13	[INFO]	[Request send message: [{"ID":18445946,"Time":{"Time":"2023-06-03T05:18:05.617376Z","Valid":true},"Prevtime":{"Time":"2023-06-03T05:17:05.598862Z","Valid":true},"Symbol":{"String":"NMRBUSD","Valid":true},"Price":{"Float64":14.95,"Valid":true},"Prevprice":{"Float64":14.87,"Valid":true},"Percent":{"Float64":0.0053799544,"Valid":true}},{"ID":18446168,"Time":{"Time":"2023-06-03T05:18:05.617376Z","Valid":true},"Prevtime":{"Time":"2023-06-03T05:17:05.598862Z","Valid":true},"Symbol":{"String":"API3BUSD","Valid":true},"Price":{"Float64":1.301,"Valid":true},"Prevprice":{"Float64":1.297,"Valid":true},"Percent":{"Float64":0.0030840002,"Valid":true}},{"ID":18446191,"Time":{"Time":"2023-06-03T05:18:05.617376Z","Valid":true},"Prevtime":{"Time":"2023-06-03T05:17:05.598862Z","Valid":true},"Symbol":{"String":"STEEMBUSD","Valid":true},"Price":{"Float64":0.1845,"Valid":true},"Prevprice":{"Float64":0.1842,"Valid":true},"Percent":{"Float64":0.0016286111,"Valid":true}},{"ID":18446107,"Time":{"Time":"2023-06-03T05:18:05.617376Z","Valid":true},"Prevtime":{"Time":"2023-06-03T05:17:05.598862Z","Valid":true},"Symbol":{"String":"SUNBUSD","Valid":true},"Price":{"Float64":0.00626,"Valid":true},"Prevprice":{"Float64":0.00625,"Valid":true},"Percent":{"Float64":0.0016000122,"Valid":true}},{"ID":18445959,"Time":{"Time":"2023-06-03T05:18:05.617376Z","Valid":true},"Prevtime":{"Time":"2023-06-03T05:17:05.598862Z","Valid":true},"Symbol":{"String":"DIABUSD","Valid":true},"Price":{"Float64":0.2952,"Valid":true},"Prevprice":{"Float64":0.2949,"Valid":true},"Percent":{"Float64":0.0010172607,"Valid":true}}]]
2023-06-03 12:22:27	[INFO]	[==================================================]
2023-06-03 12:22:27	[INFO]	[Start logger succesfully]
2023-06-03 12:22:32	[INFO]	[Start scan DB to send notification]
2023-06-03 12:22:32	[INFO]	[Request send message: [{"ID":18445946,"Time":{"Time":"2023-06-03T05:18:05.617376Z","Valid":true},"Prevtime":{"Time":"2023-06-03T05:17:05.598862Z","Valid":true},"Symbol":{"String":"NMRBUSD","Valid":true},"Price":{"Float64":14.95,"Valid":true},"Prevprice":{"Float64":14.87,"Valid":true},"Percent":{"Float64":0.0053799544,"Valid":true}},{"ID":18446168,"Time":{"Time":"2023-06-03T05:18:05.617376Z","Valid":true},"Prevtime":{"Time":"2023-06-03T05:17:05.598862Z","Valid":true},"Symbol":{"String":"API3BUSD","Valid":true},"Price":{"Float64":1.301,"Valid":true},"Prevprice":{"Float64":1.297,"Valid":true},"Percent":{"Float64":0.0030840002,"Valid":true}},{"ID":18446191,"Time":{"Time":"2023-06-03T05:18:05.617376Z","Valid":true},"Prevtime":{"Time":"2023-06-03T05:17:05.598862Z","Valid":true},"Symbol":{"String":"STEEMBUSD","Valid":true},"Price":{"Float64":0.1845,"Valid":true},"Prevprice":{"Float64":0.1842,"Valid":true},"Percent":{"Float64":0.0016286111,"Valid":true}},{"ID":18446107,"Time":{"Time":"2023-06-03T05:18:05.617376Z","Valid":true},"Prevtime":{"Time":"2023-06-03T05:17:05.598862Z","Valid":true},"Symbol":{"String":"SUNBUSD","Valid":true},"Price":{"Float64":0.00626,"Valid":true},"Prevprice":{"Float64":0.00625,"Valid":true},"Percent":{"Float64":0.0016000122,"Valid":true}},{"ID":18445959,"Time":{"Time":"2023-06-03T05:18:05.617376Z","Valid":true},"Prevtime":{"Time":"2023-06-03T05:17:05.598862Z","Valid":true},"Symbol":{"String":"DIABUSD","Valid":true},"Price":{"Float64":0.2952,"Valid":true},"Prevprice":{"Float64":0.2949,"Valid":true},"Percent":{"Float64":0.0010172607,"Valid":true}}]]
2023-06-03 12:25:01	[INFO]	[==================================================]
2023-06-03 12:25:01	[INFO]	[Start logger succesfully]
2023-06-03 12:25:06	[INFO]	[Start scan DB to send notification]
2023-06-03 12:25:06	[INFO]	[Request send message: {}]
2023-06-03 12:25:33	[INFO]	[==================================================]
2023-06-03 12:25:33	[INFO]	[Start logger succesfully]
2023-06-03 12:25:38	[INFO]	[Start scan DB to send notification]
2023-06-03 12:25:38	[INFO]	[Request send message: {}]
2023-06-03 12:29:53	[INFO]	[==================================================]
2023-06-03 12:29:53	[INFO]	[Start logger succesfully]
2023-06-03 12:29:58	[INFO]	[Start scan DB to send notification]
2023-06-03 12:29:58	[INFO]	[Request send message: {"chat_id":1930587972,"text":"[{\"ID\":18445946,\"Time\":{\"Time\":\"2023-06-03T05:18:05.617376Z\",\"Valid\":true},\"Prevtime\":{\"Time\":\"2023-06-03T05:17:05.598862Z\",\"Valid\":true},\"Symbol\":{\"String\":\"NMRBUSD\",\"Valid\":true},\"Price\":{\"Float64\":14.95,\"Valid\":true},\"Prevprice\":{\"Float64\":14.87,\"Valid\":true},\"Percent\":{\"Float64\":0.0053799544,\"Valid\":true}},{\"ID\":18446168,\"Time\":{\"Time\":\"2023-06-03T05:18:05.617376Z\",\"Valid\":true},\"Prevtime\":{\"Time\":\"2023-06-03T05:17:05.598862Z\",\"Valid\":true},\"Symbol\":{\"String\":\"API3BUSD\",\"Valid\":true},\"Price\":{\"Float64\":1.301,\"Valid\":true},\"Prevprice\":{\"Float64\":1.297,\"Valid\":true},\"Percent\":{\"Float64\":0.0030840002,\"Valid\":true}},{\"ID\":18446191,\"Time\":{\"Time\":\"2023-06-03T05:18:05.617376Z\",\"Valid\":true},\"Prevtime\":{\"Time\":\"2023-06-03T05:17:05.598862Z\",\"Valid\":true},\"Symbol\":{\"String\":\"STEEMBUSD\",\"Valid\":true},\"Price\":{\"Float64\":0.1845,\"Valid\":true},\"Prevprice\":{\"Float64\":0.1842,\"Valid\":true},\"Percent\":{\"Float64\":0.0016286111,\"Valid\":true}},{\"ID\":18446107,\"Time\":{\"Time\":\"2023-06-03T05:18:05.617376Z\",\"Valid\":true},\"Prevtime\":{\"Time\":\"2023-06-03T05:17:05.598862Z\",\"Valid\":true},\"Symbol\":{\"String\":\"SUNBUSD\",\"Valid\":true},\"Price\":{\"Float64\":0.00626,\"Valid\":true},\"Prevprice\":{\"Float64\":0.00625,\"Valid\":true},\"Percent\":{\"Float64\":0.0016000122,\"Valid\":true}},{\"ID\":18445959,\"Time\":{\"Time\":\"2023-06-03T05:18:05.617376Z\",\"Valid\":true},\"Prevtime\":{\"Time\":\"2023-06-03T05:17:05.598862Z\",\"Valid\":true},\"Symbol\":{\"String\":\"DIABUSD\",\"Valid\":true},\"Price\":{\"Float64\":0.2952,\"Valid\":true},\"Prevprice\":{\"Float64\":0.2949,\"Valid\":true},\"Percent\":{\"Float64\":0.0010172607,\"Valid\":true}}]"}]
2023-06-03 12:30:12	[INFO]	[Send message successfully]
2023-06-03 12:30:12	[INFO]	[Start scan DB to send notification]
2023-06-03 12:30:12	[INFO]	[Request send message: {"chat_id":1930587972,"text":"[{\"ID\":18445946,\"Time\":{\"Time\":\"2023-06-03T05:18:05.617376Z\",\"Valid\":true},\"Prevtime\":{\"Time\":\"2023-06-03T05:17:05.598862Z\",\"Valid\":true},\"Symbol\":{\"String\":\"NMRBUSD\",\"Valid\":true},\"Price\":{\"Float64\":14.95,\"Valid\":true},\"Prevprice\":{\"Float64\":14.87,\"Valid\":true},\"Percent\":{\"Float64\":0.0053799544,\"Valid\":true}},{\"ID\":18446168,\"Time\":{\"Time\":\"2023-06-03T05:18:05.617376Z\",\"Valid\":true},\"Prevtime\":{\"Time\":\"2023-06-03T05:17:05.598862Z\",\"Valid\":true},\"Symbol\":{\"String\":\"API3BUSD\",\"Valid\":true},\"Price\":{\"Float64\":1.301,\"Valid\":true},\"Prevprice\":{\"Float64\":1.297,\"Valid\":true},\"Percent\":{\"Float64\":0.0030840002,\"Valid\":true}},{\"ID\":18446191,\"Time\":{\"Time\":\"2023-06-03T05:18:05.617376Z\",\"Valid\":true},\"Prevtime\":{\"Time\":\"2023-06-03T05:17:05.598862Z\",\"Valid\":true},\"Symbol\":{\"String\":\"STEEMBUSD\",\"Valid\":true},\"Price\":{\"Float64\":0.1845,\"Valid\":true},\"Prevprice\":{\"Float64\":0.1842,\"Valid\":true},\"Percent\":{\"Float64\":0.0016286111,\"Valid\":true}},{\"ID\":18446107,\"Time\":{\"Time\":\"2023-06-03T05:18:05.617376Z\",\"Valid\":true},\"Prevtime\":{\"Time\":\"2023-06-03T05:17:05.598862Z\",\"Valid\":true},\"Symbol\":{\"String\":\"SUNBUSD\",\"Valid\":true},\"Price\":{\"Float64\":0.00626,\"Valid\":true},\"Prevprice\":{\"Float64\":0.00625,\"Valid\":true},\"Percent\":{\"Float64\":0.0016000122,\"Valid\":true}},{\"ID\":18445959,\"Time\":{\"Time\":\"2023-06-03T05:18:05.617376Z\",\"Valid\":true},\"Prevtime\":{\"Time\":\"2023-06-03T05:17:05.598862Z\",\"Valid\":true},\"Symbol\":{\"String\":\"DIABUSD\",\"Valid\":true},\"Price\":{\"Float64\":0.2952,\"Valid\":true},\"Prevprice\":{\"Float64\":0.2949,\"Valid\":true},\"Percent\":{\"Float64\":0.0010172607,\"Valid\":true}}]"}]
2023-06-03 12:30:12	[INFO]	[Send message successfully]
2023-06-03 12:30:13	[INFO]	[Start scan DB to send notification]
2023-06-03 12:30:13	[INFO]	[Request send message: {"chat_id":1930587972,"text":"[{\"ID\":18445946,\"Time\":{\"Time\":\"2023-06-03T05:18:05.617376Z\",\"Valid\":true},\"Prevtime\":{\"Time\":\"2023-06-03T05:17:05.598862Z\",\"Valid\":true},\"Symbol\":{\"String\":\"NMRBUSD\",\"Valid\":true},\"Price\":{\"Float64\":14.95,\"Valid\":true},\"Prevprice\":{\"Float64\":14.87,\"Valid\":true},\"Percent\":{\"Float64\":0.0053799544,\"Valid\":true}},{\"ID\":18446168,\"Time\":{\"Time\":\"2023-06-03T05:18:05.617376Z\",\"Valid\":true},\"Prevtime\":{\"Time\":\"2023-06-03T05:17:05.598862Z\",\"Valid\":true},\"Symbol\":{\"String\":\"API3BUSD\",\"Valid\":true},\"Price\":{\"Float64\":1.301,\"Valid\":true},\"Prevprice\":{\"Float64\":1.297,\"Valid\":true},\"Percent\":{\"Float64\":0.0030840002,\"Valid\":true}},{\"ID\":18446191,\"Time\":{\"Time\":\"2023-06-03T05:18:05.617376Z\",\"Valid\":true},\"Prevtime\":{\"Time\":\"2023-06-03T05:17:05.598862Z\",\"Valid\":true},\"Symbol\":{\"String\":\"STEEMBUSD\",\"Valid\":true},\"Price\":{\"Float64\":0.1845,\"Valid\":true},\"Prevprice\":{\"Float64\":0.1842,\"Valid\":true},\"Percent\":{\"Float64\":0.0016286111,\"Valid\":true}},{\"ID\":18446107,\"Time\":{\"Time\":\"2023-06-03T05:18:05.617376Z\",\"Valid\":true},\"Prevtime\":{\"Time\":\"2023-06-03T05:17:05.598862Z\",\"Valid\":true},\"Symbol\":{\"String\":\"SUNBUSD\",\"Valid\":true},\"Price\":{\"Float64\":0.00626,\"Valid\":true},\"Prevprice\":{\"Float64\":0.00625,\"Valid\":true},\"Percent\":{\"Float64\":0.0016000122,\"Valid\":true}},{\"ID\":18445959,\"Time\":{\"Time\":\"2023-06-03T05:18:05.617376Z\",\"Valid\":true},\"Prevtime\":{\"Time\":\"2023-06-03T05:17:05.598862Z\",\"Valid\":true},\"Symbol\":{\"String\":\"DIABUSD\",\"Valid\":true},\"Price\":{\"Float64\":0.2952,\"Valid\":true},\"Prevprice\":{\"Float64\":0.2949,\"Valid\":true},\"Percent\":{\"Float64\":0.0010172607,\"Valid\":true}}]"}]
2023-06-03 12:30:13	[INFO]	[Send message successfully]
2023-06-03 12:30:18	[INFO]	[Start scan DB to send notification]
2023-06-03 12:30:18	[INFO]	[Request send message: {"chat_id":1930587972,"text":"[{\"ID\":18445946,\"Time\":{\"Time\":\"2023-06-03T05:18:05.617376Z\",\"Valid\":true},\"Prevtime\":{\"Time\":\"2023-06-03T05:17:05.598862Z\",\"Valid\":true},\"Symbol\":{\"String\":\"NMRBUSD\",\"Valid\":true},\"Price\":{\"Float64\":14.95,\"Valid\":true},\"Prevprice\":{\"Float64\":14.87,\"Valid\":true},\"Percent\":{\"Float64\":0.0053799544,\"Valid\":true}},{\"ID\":18446168,\"Time\":{\"Time\":\"2023-06-03T05:18:05.617376Z\",\"Valid\":true},\"Prevtime\":{\"Time\":\"2023-06-03T05:17:05.598862Z\",\"Valid\":true},\"Symbol\":{\"String\":\"API3BUSD\",\"Valid\":true},\"Price\":{\"Float64\":1.301,\"Valid\":true},\"Prevprice\":{\"Float64\":1.297,\"Valid\":true},\"Percent\":{\"Float64\":0.0030840002,\"Valid\":true}},{\"ID\":18446191,\"Time\":{\"Time\":\"2023-06-03T05:18:05.617376Z\",\"Valid\":true},\"Prevtime\":{\"Time\":\"2023-06-03T05:17:05.598862Z\",\"Valid\":true},\"Symbol\":{\"String\":\"STEEMBUSD\",\"Valid\":true},\"Price\":{\"Float64\":0.1845,\"Valid\":true},\"Prevprice\":{\"Float64\":0.1842,\"Valid\":true},\"Percent\":{\"Float64\":0.0016286111,\"Valid\":true}},{\"ID\":18446107,\"Time\":{\"Time\":\"2023-06-03T05:18:05.617376Z\",\"Valid\":true},\"Prevtime\":{\"Time\":\"2023-06-03T05:17:05.598862Z\",\"Valid\":true},\"Symbol\":{\"String\":\"SUNBUSD\",\"Valid\":true},\"Price\":{\"Float64\":0.00626,\"Valid\":true},\"Prevprice\":{\"Float64\":0.00625,\"Valid\":true},\"Percent\":{\"Float64\":0.0016000122,\"Valid\":true}},{\"ID\":18445959,\"Time\":{\"Time\":\"2023-06-03T05:18:05.617376Z\",\"Valid\":true},\"Prevtime\":{\"Time\":\"2023-06-03T05:17:05.598862Z\",\"Valid\":true},\"Symbol\":{\"String\":\"DIABUSD\",\"Valid\":true},\"Price\":{\"Float64\":0.2952,\"Valid\":true},\"Prevprice\":{\"Float64\":0.2949,\"Valid\":true},\"Percent\":{\"Float64\":0.0010172607,\"Valid\":true}}]"}]
2023-06-03 12:30:18	[INFO]	[Send message successfully]
2023-06-03 12:30:23	[INFO]	[Start scan DB to send notification]
2023-06-03 12:30:23	[INFO]	[Request send message: {"chat_id":1930587972,"text":"[{\"ID\":18445946,\"Time\":{\"Time\":\"2023-06-03T05:18:05.617376Z\",\"Valid\":true},\"Prevtime\":{\"Time\":\"2023-06-03T05:17:05.598862Z\",\"Valid\":true},\"Symbol\":{\"String\":\"NMRBUSD\",\"Valid\":true},\"Price\":{\"Float64\":14.95,\"Valid\":true},\"Prevprice\":{\"Float64\":14.87,\"Valid\":true},\"Percent\":{\"Float64\":0.0053799544,\"Valid\":true}},{\"ID\":18446168,\"Time\":{\"Time\":\"2023-06-03T05:18:05.617376Z\",\"Valid\":true},\"Prevtime\":{\"Time\":\"2023-06-03T05:17:05.598862Z\",\"Valid\":true},\"Symbol\":{\"String\":\"API3BUSD\",\"Valid\":true},\"Price\":{\"Float64\":1.301,\"Valid\":true},\"Prevprice\":{\"Float64\":1.297,\"Valid\":true},\"Percent\":{\"Float64\":0.0030840002,\"Valid\":true}},{\"ID\":18446191,\"Time\":{\"Time\":\"2023-06-03T05:18:05.617376Z\",\"Valid\":true},\"Prevtime\":{\"Time\":\"2023-06-03T05:17:05.598862Z\",\"Valid\":true},\"Symbol\":{\"String\":\"STEEMBUSD\",\"Valid\":true},\"Price\":{\"Float64\":0.1845,\"Valid\":true},\"Prevprice\":{\"Float64\":0.1842,\"Valid\":true},\"Percent\":{\"Float64\":0.0016286111,\"Valid\":true}},{\"ID\":18446107,\"Time\":{\"Time\":\"2023-06-03T05:18:05.617376Z\",\"Valid\":true},\"Prevtime\":{\"Time\":\"2023-06-03T05:17:05.598862Z\",\"Valid\":true},\"Symbol\":{\"String\":\"SUNBUSD\",\"Valid\":true},\"Price\":{\"Float64\":0.00626,\"Valid\":true},\"Prevprice\":{\"Float64\":0.00625,\"Valid\":true},\"Percent\":{\"Float64\":0.0016000122,\"Valid\":true}},{\"ID\":18445959,\"Time\":{\"Time\":\"2023-06-03T05:18:05.617376Z\",\"Valid\":true},\"Prevtime\":{\"Time\":\"2023-06-03T05:17:05.598862Z\",\"Valid\":true},\"Symbol\":{\"String\":\"DIABUSD\",\"Valid\":true},\"Price\":{\"Float64\":0.2952,\"Valid\":true},\"Prevprice\":{\"Float64\":0.2949,\"Valid\":true},\"Percent\":{\"Float64\":0.0010172607,\"Valid\":true}}]"}]
2023-06-03 12:30:23	[INFO]	[Send message successfully]
2023-06-03 12:30:28	[INFO]	[Start scan DB to send notification]
2023-06-03 12:30:28	[INFO]	[Request send message: {"chat_id":1930587972,"text":"[{\"ID\":18445946,\"Time\":{\"Time\":\"2023-06-03T05:18:05.617376Z\",\"Valid\":true},\"Prevtime\":{\"Time\":\"2023-06-03T05:17:05.598862Z\",\"Valid\":true},\"Symbol\":{\"String\":\"NMRBUSD\",\"Valid\":true},\"Price\":{\"Float64\":14.95,\"Valid\":true},\"Prevprice\":{\"Float64\":14.87,\"Valid\":true},\"Percent\":{\"Float64\":0.0053799544,\"Valid\":true}},{\"ID\":18446168,\"Time\":{\"Time\":\"2023-06-03T05:18:05.617376Z\",\"Valid\":true},\"Prevtime\":{\"Time\":\"2023-06-03T05:17:05.598862Z\",\"Valid\":true},\"Symbol\":{\"String\":\"API3BUSD\",\"Valid\":true},\"Price\":{\"Float64\":1.301,\"Valid\":true},\"Prevprice\":{\"Float64\":1.297,\"Valid\":true},\"Percent\":{\"Float64\":0.0030840002,\"Valid\":true}},{\"ID\":18446191,\"Time\":{\"Time\":\"2023-06-03T05:18:05.617376Z\",\"Valid\":true},\"Prevtime\":{\"Time\":\"2023-06-03T05:17:05.598862Z\",\"Valid\":true},\"Symbol\":{\"String\":\"STEEMBUSD\",\"Valid\":true},\"Price\":{\"Float64\":0.1845,\"Valid\":true},\"Prevprice\":{\"Float64\":0.1842,\"Valid\":true},\"Percent\":{\"Float64\":0.0016286111,\"Valid\":true}},{\"ID\":18446107,\"Time\":{\"Time\":\"2023-06-03T05:18:05.617376Z\",\"Valid\":true},\"Prevtime\":{\"Time\":\"2023-06-03T05:17:05.598862Z\",\"Valid\":true},\"Symbol\":{\"String\":\"SUNBUSD\",\"Valid\":true},\"Price\":{\"Float64\":0.00626,\"Valid\":true},\"Prevprice\":{\"Float64\":0.00625,\"Valid\":true},\"Percent\":{\"Float64\":0.0016000122,\"Valid\":true}},{\"ID\":18445959,\"Time\":{\"Time\":\"2023-06-03T05:18:05.617376Z\",\"Valid\":true},\"Prevtime\":{\"Time\":\"2023-06-03T05:17:05.598862Z\",\"Valid\":true},\"Symbol\":{\"String\":\"DIABUSD\",\"Valid\":true},\"Price\":{\"Float64\":0.2952,\"Valid\":true},\"Prevprice\":{\"Float64\":0.2949,\"Valid\":true},\"Percent\":{\"Float64\":0.0010172607,\"Valid\":true}}]"}]
2023-06-03 12:30:28	[INFO]	[Send message successfully]
2023-06-03 12:30:33	[INFO]	[Start scan DB to send notification]
2023-06-03 12:30:33	[INFO]	[Request send message: {"chat_id":1930587972,"text":"[{\"ID\":18445946,\"Time\":{\"Time\":\"2023-06-03T05:18:05.617376Z\",\"Valid\":true},\"Prevtime\":{\"Time\":\"2023-06-03T05:17:05.598862Z\",\"Valid\":true},\"Symbol\":{\"String\":\"NMRBUSD\",\"Valid\":true},\"Price\":{\"Float64\":14.95,\"Valid\":true},\"Prevprice\":{\"Float64\":14.87,\"Valid\":true},\"Percent\":{\"Float64\":0.0053799544,\"Valid\":true}},{\"ID\":18446168,\"Time\":{\"Time\":\"2023-06-03T05:18:05.617376Z\",\"Valid\":true},\"Prevtime\":{\"Time\":\"2023-06-03T05:17:05.598862Z\",\"Valid\":true},\"Symbol\":{\"String\":\"API3BUSD\",\"Valid\":true},\"Price\":{\"Float64\":1.301,\"Valid\":true},\"Prevprice\":{\"Float64\":1.297,\"Valid\":true},\"Percent\":{\"Float64\":0.0030840002,\"Valid\":true}},{\"ID\":18446191,\"Time\":{\"Time\":\"2023-06-03T05:18:05.617376Z\",\"Valid\":true},\"Prevtime\":{\"Time\":\"2023-06-03T05:17:05.598862Z\",\"Valid\":true},\"Symbol\":{\"String\":\"STEEMBUSD\",\"Valid\":true},\"Price\":{\"Float64\":0.1845,\"Valid\":true},\"Prevprice\":{\"Float64\":0.1842,\"Valid\":true},\"Percent\":{\"Float64\":0.0016286111,\"Valid\":true}},{\"ID\":18446107,\"Time\":{\"Time\":\"2023-06-03T05:18:05.617376Z\",\"Valid\":true},\"Prevtime\":{\"Time\":\"2023-06-03T05:17:05.598862Z\",\"Valid\":true},\"Symbol\":{\"String\":\"SUNBUSD\",\"Valid\":true},\"Price\":{\"Float64\":0.00626,\"Valid\":true},\"Prevprice\":{\"Float64\":0.00625,\"Valid\":true},\"Percent\":{\"Float64\":0.0016000122,\"Valid\":true}},{\"ID\":18445959,\"Time\":{\"Time\":\"2023-06-03T05:18:05.617376Z\",\"Valid\":true},\"Prevtime\":{\"Time\":\"2023-06-03T05:17:05.598862Z\",\"Valid\":true},\"Symbol\":{\"String\":\"DIABUSD\",\"Valid\":true},\"Price\":{\"Float64\":0.2952,\"Valid\":true},\"Prevprice\":{\"Float64\":0.2949,\"Valid\":true},\"Percent\":{\"Float64\":0.0010172607,\"Valid\":true}}]"}]
2023-06-03 12:30:33	[INFO]	[Send message successfully]
2023-06-03 12:43:00	[INFO]	[==================================================]
2023-06-03 12:43:00	[INFO]	[Start logger succesfully]
2023-06-03 12:43:30	[INFO]	[Start scan DB to send notification]
2023-06-03 12:43:30	[INFO]	[Request send message: {"chat_id":1930587972,"text":"[{\"Symbol\":\"CELOBUSD\",\"Percent\":0.003649697},{\"Symbol\":\"LOOMBUSD\",\"Percent\":0.0010610594},{\"Symbol\":\"MASKBUSD\",\"Percent\":0.00066366873},{\"Symbol\":\"LEVERBUSD\",\"Percent\":0.00060753804},{\"Symbol\":\"TOMOBUSD\",\"Percent\":0.00045206473}]"}]
2023-06-03 12:43:31	[INFO]	[Send message successfully]
2023-06-03 12:44:00	[INFO]	[Start scan DB to send notification]
2023-06-03 12:44:00	[INFO]	[Request send message: {"chat_id":1930587972,"text":"[{\"Symbol\":\"CELOBUSD\",\"Percent\":0.003649697},{\"Symbol\":\"WRXBUSD\",\"Percent\":0.0034129634},{\"Symbol\":\"HIGHBUSD\",\"Percent\":0.002857163},{\"Symbol\":\"PLABUSD\",\"Percent\":0.002848966},{\"Symbol\":\"FLUXBUSD\",\"Percent\":0.0019048511}]"}]
2023-06-03 12:44:00	[INFO]	[Send message successfully]
2023-06-03 12:44:30	[INFO]	[Start scan DB to send notification]
2023-06-03 12:44:30	[INFO]	[Request send message: {"chat_id":1930587972,"text":"[{\"Symbol\":\"WRXBUSD\",\"Percent\":0.0042698635},{\"Symbol\":\"CREAMBUSD\",\"Percent\":0.0032154396},{\"Symbol\":\"AMBBUSD\",\"Percent\":0.002921795},{\"Symbol\":\"PLABUSD\",\"Percent\":0.002848966},{\"Symbol\":\"RNDRBUSD\",\"Percent\":0.0023077086}]"}]
2023-06-03 12:44:30	[INFO]	[Send message successfully]
2023-06-03 12:45:00	[INFO]	[Start scan DB to send notification]
2023-06-03 12:45:00	[INFO]	[Request send message: {"chat_id":1930587972,"text":"[{\"Symbol\":\"FIDABUSD\",\"Percent\":0.0046783546},{\"Symbol\":\"GFTBUSD\",\"Percent\":0.0046655927},{\"Symbol\":\"VETBUSD\",\"Percent\":0.0035335722},{\"Symbol\":\"CREAMBUSD\",\"Percent\":0.0032154396},{\"Symbol\":\"MBOXBUSD\",\"Percent\":0.0024271533}]"}]
2023-06-03 12:45:00	[INFO]	[Send message successfully]
2023-06-03 12:45:30	[INFO]	[Start scan DB to send notification]
2023-06-03 12:45:30	[INFO]	[Request send message: {"chat_id":1930587972,"text":"[{\"Symbol\":\"GFTBUSD\",\"Percent\":0.0046631754},{\"Symbol\":\"FIDABUSD\",\"Percent\":0.0038011903},{\"Symbol\":\"VETBUSD\",\"Percent\":0.0035335722},{\"Symbol\":\"MBOXBUSD\",\"Percent\":0.0024271533},{\"Symbol\":\"MBLBUSD\",\"Percent\":0.0014870001}]"}]
2023-06-03 12:45:30	[INFO]	[Send message successfully]
2023-06-03 12:46:00	[INFO]	[Start scan DB to send notification]
2023-06-03 12:46:00	[INFO]	[Request send message: {"chat_id":1930587972,"text":"[{\"Symbol\":\"POWRBUSD\",\"Percent\":0.0031171667},{\"Symbol\":\"GFTBUSD\",\"Percent\":0.0030960469},{\"Symbol\":\"LINABUSD\",\"Percent\":0.0023322061},{\"Symbol\":\"DARBUSD\",\"Percent\":0.001956913},{\"Symbol\":\"ANKRBUSD\",\"Percent\":0.0019546123}]"}]
2023-06-03 12:46:00	[INFO]	[Send message successfully]
2023-06-03 12:46:30	[INFO]	[Start scan DB to send notification]
2023-06-03 12:46:30	[INFO]	[Request send message: {"chat_id":1930587972,"text":"[{\"Symbol\":\"GFTBUSD\",\"Percent\":0.0025786925},{\"Symbol\":\"POWRBUSD\",\"Percent\":0.002493715},{\"Symbol\":\"ANKRBUSD\",\"Percent\":0.0023455638},{\"Symbol\":\"SRMBUSD\",\"Percent\":0.0023313204},{\"Symbol\":\"ARPABUSD\",\"Percent\":0.0021036274}]"}]
2023-06-03 12:46:30	[INFO]	[Send message successfully]
2023-06-03 12:47:00	[INFO]	[Start scan DB to send notification]
2023-06-03 12:47:00	[INFO]	[Request send message: {"chat_id":1930587972,"text":"[{\"Symbol\":\"BTTCBUSD\",\"Percent\":0.016949166},{\"Symbol\":\"AMBBUSD\",\"Percent\":0.005162247},{\"Symbol\":\"ARPABUSD\",\"Percent\":0.0031559153},{\"Symbol\":\"SRMBUSD\",\"Percent\":0.0023313204},{\"Symbol\":\"CELOBUSD\",\"Percent\":0.0018181583}]"}]
2023-06-03 12:47:00	[INFO]	[Send message successfully]
2023-06-03 12:47:30	[INFO]	[Start scan DB to send notification]
2023-06-03 12:47:30	[INFO]	[Request send message: {"chat_id":1930587972,"text":"[{\"Symbol\":\"BTTCBUSD\",\"Percent\":0.016949166},{\"Symbol\":\"COSBUSD\",\"Percent\":0.006557427},{\"Symbol\":\"LEVERBUSD\",\"Percent\":0.0060680076},{\"Symbol\":\"JSTBUSD\",\"Percent\":0.005265273},{\"Symbol\":\"CTSIBUSD\",\"Percent\":0.0027262461}]"}]
2023-06-03 12:47:30	[INFO]	[Send message successfully]
2023-06-03 12:48:00	[INFO]	[Start scan DB to send notification]
2023-06-03 12:48:00	[INFO]	[Request send message: {"chat_id":1930587972,"text":"[{\"Symbol\":\"COSBUSD\",\"Percent\":0.006557427},{\"Symbol\":\"JSTBUSD\",\"Percent\":0.0040453007},{\"Symbol\":\"CTSIBUSD\",\"Percent\":0.0027262461},{\"Symbol\":\"LEVERBUSD\",\"Percent\":0.0024242608},{\"Symbol\":\"SNMBUSD\",\"Percent\":0.0020428593}]"}]
2023-06-03 12:48:00	[INFO]	[Send message successfully]
2023-06-03 12:48:30	[INFO]	[Start scan DB to send notification]
2023-06-03 12:48:30	[INFO]	[Request send message: {"chat_id":1930587972,"text":"[{\"Symbol\":\"SCRTBUSD\",\"Percent\":0.005089069},{\"Symbol\":\"HBARBUSD\",\"Percent\":0.0019801578},{\"Symbol\":\"SNMBUSD\",\"Percent\":0.0017870741},{\"Symbol\":\"AUDIOBUSD\",\"Percent\":0.0016708721},{\"Symbol\":\"TBUSD\",\"Percent\":0.0011682151}]"}]
2023-06-03 12:48:30	[INFO]	[Send message successfully]
2023-06-03 12:49:00	[INFO]	[Start scan DB to send notification]
2023-06-03 12:49:00	[INFO]	[Request send message: {"chat_id":1930587972,"text":"[{\"Symbol\":\"GFTBUSD\",\"Percent\":0.005178655},{\"Symbol\":\"SCRTBUSD\",\"Percent\":0.005089069},{\"Symbol\":\"DREPBUSD\",\"Percent\":0.0044259955},{\"Symbol\":\"POLYXBUSD\",\"Percent\":0.0020491132},{\"Symbol\":\"SUPERBUSD\",\"Percent\":0.0020161632}]"}]
2023-06-03 12:49:00	[INFO]	[Send message successfully]
2023-06-03 12:49:30	[INFO]	[Start scan DB to send notification]
2023-06-03 12:49:30	[INFO]	[Request send message: {"chat_id":1930587972,"text":"[{\"Symbol\":\"DREPBUSD\",\"Percent\":0.0060891435},{\"Symbol\":\"SUPERBUSD\",\"Percent\":0.0026882174},{\"Symbol\":\"GFTBUSD\",\"Percent\":0.0025825922},{\"Symbol\":\"POLYXBUSD\",\"Percent\":0.0020491132},{\"Symbol\":\"LEVERBUSD\",\"Percent\":0.0018170944}]"}]
2023-06-03 12:49:30	[INFO]	[Send message successfully]
2023-06-03 12:50:00	[INFO]	[Start scan DB to send notification]
2023-06-03 12:50:00	[INFO]	[Request send message: {"chat_id":1930587972,"text":"[{\"Symbol\":\"DATABUSD\",\"Percent\":0.005990196},{\"Symbol\":\"DREPBUSD\",\"Percent\":0.0055081355},{\"Symbol\":\"GFTBUSD\",\"Percent\":0.0025760354},{\"Symbol\":\"LEVERBUSD\",\"Percent\":0.0024183982},{\"Symbol\":\"AKROBUSD\",\"Percent\":0.0023922513}]"}]
2023-06-03 12:50:00	[INFO]	[Send message successfully]
2023-06-03 12:50:30	[INFO]	[Start scan DB to send notification]
2023-06-03 12:50:30	[INFO]	[Request send message: {"chat_id":1930587972,"text":"[{\"Symbol\":\"DATABUSD\",\"Percent\":0.005990196},{\"Symbol\":\"WRXBUSD\",\"Percent\":0.0034101175},{\"Symbol\":\"AKROBUSD\",\"Percent\":0.0023922513},{\"Symbol\":\"GFTBUSD\",\"Percent\":0.0015456788},{\"Symbol\":\"DREPBUSD\",\"Percent\":0.0013754981}]"}]
2023-06-03 12:50:30	[INFO]	[Send message successfully]
2023-06-03 12:51:00	[INFO]	[Start scan DB to send notification]
2023-06-03 12:51:00	[INFO]	[Request send message: {"chat_id":1930587972,"text":"[{\"Symbol\":\"AMBBUSD\",\"Percent\":0.0044510034},{\"Symbol\":\"WRXBUSD\",\"Percent\":0.0034101175},{\"Symbol\":\"JSTBUSD\",\"Percent\":0.0016116158},{\"Symbol\":\"HIGHBUSD\",\"Percent\":0.0014354168},{\"Symbol\":\"FLOWBUSD\",\"Percent\":0.0013792926}]"}]
2023-06-03 12:51:00	[INFO]	[Send message successfully]
2023-06-03 12:51:30	[INFO]	[Start scan DB to send notification]
2023-06-03 12:51:30	[INFO]	[Request send message: {"chat_id":1930587972,"text":"[{\"Symbol\":\"AMBBUSD\",\"Percent\":0.004470973},{\"Symbol\":\"RAYBUSD\",\"Percent\":0.004109591},{\"Symbol\":\"LEVERBUSD\",\"Percent\":0.003041386},{\"Symbol\":\"KEYBUSD\",\"Percent\":0.002999451},{\"Symbol\":\"CVPBUSD\",\"Percent\":0.0029569992}]"}]
2023-06-03 12:51:30	[INFO]	[Send message successfully]
2023-06-03 12:52:00	[INFO]	[Start scan DB to send notification]
2023-06-03 12:52:00	[INFO]	[Request send message: {"chat_id":1930587972,"text":"[{\"Symbol\":\"POWRBUSD\",\"Percent\":0.0043533077},{\"Symbol\":\"KEYBUSD\",\"Percent\":0.0035992516},{\"Symbol\":\"LEVERBUSD\",\"Percent\":0.003039537},{\"Symbol\":\"BLZBUSD\",\"Percent\":0.0029940628},{\"Symbol\":\"VIBBUSD\",\"Percent\":0.0017287502}]"}]
2023-06-03 12:52:00	[INFO]	[Send message successfully]
2023-06-03 12:52:30	[INFO]	[Start scan DB to send notification]
2023-06-03 12:52:30	[INFO]	[Request send message: {"chat_id":1930587972,"text":"[{\"Symbol\":\"POWRBUSD\",\"Percent\":0.0043533077},{\"Symbol\":\"LEVERBUSD\",\"Percent\":0.0042450293},{\"Symbol\":\"BLZBUSD\",\"Percent\":0.0029940628},{\"Symbol\":\"CRVBUSD\",\"Percent\":0.0023557525},{\"Symbol\":\"OMBUSD\",\"Percent\":0.0023537346}]"}]
2023-06-03 12:52:30	[INFO]	[Send message successfully]
2023-06-03 12:56:18	[INFO]	[==================================================]
2023-06-03 12:56:18	[INFO]	[Start logger succesfully]
2023-06-03 12:56:42	[INFO]	[==================================================]
2023-06-03 12:56:42	[INFO]	[Start logger succesfully]
2023-06-03 12:56:47	[INFO]	[Start scan DB to send notification]
2023-06-03 12:56:52	[INFO]	[Start scan DB to send notification]
2023-06-03 12:56:57	[INFO]	[Start scan DB to send notification]
2023-06-03 12:56:57	[INFO]	[Request send message: {"chat_id":1930587972,"text":"[{\"Symbol\":\"POLYXBUSD\",\"Percent\":0.005438468}]"}]
2023-06-03 12:56:58	[INFO]	[Send message successfully]
2023-06-03 12:57:02	[INFO]	[Start scan DB to send notification]
2023-06-03 12:57:02	[INFO]	[Request send message: {"chat_id":1930587972,"text":"[{\"Symbol\":\"POLYXBUSD\",\"Percent\":0.005438468}]"}]
2023-06-03 12:57:02	[INFO]	[Send message successfully]
2023-06-03 12:57:07	[INFO]	[Start scan DB to send notification]
2023-06-03 12:57:12	[INFO]	[Start scan DB to send notification]
2023-06-03 12:57:17	[INFO]	[Start scan DB to send notification]
2023-06-03 12:57:22	[INFO]	[Start scan DB to send notification]
2023-06-03 12:57:27	[INFO]	[Start scan DB to send notification]
2023-06-03 12:57:32	[INFO]	[Start scan DB to send notification]
2023-06-08 17:57:55	[INFO]	[==================================================]
2023-06-08 17:57:55	[INFO]	[Start logger succesfully]
2023-06-08 17:58:55	[INFO]	[Start scan DB to send notification]
2023-06-08 17:58:55	[INFO]	[Request send message: {"chat_id":1930587972,"text":"[{\"Symbol\":\"JASMYBUSD\",\"Percent\":0.0078411605},{\"Symbol\":\"IQBUSD\",\"Percent\":0.0067265085},{\"Symbol\":\"ALCXBUSD\",\"Percent\":0.0065019135},{\"Symbol\":\"LINABUSD\",\"Percent\":0.0064982274},{\"Symbol\":\"FLUXBUSD\",\"Percent\":0.0064515937}]"}]
2023-06-08 17:58:57	[INFO]	[Send message successfully]
2023-06-08 17:59:55	[INFO]	[Start scan DB to send notification]
2023-06-08 17:59:55	[INFO]	[Request send message: {"chat_id":1930587972,"text":"[{\"Symbol\":\"DATABUSD\",\"Percent\":0.010522098},{\"Symbol\":\"TRBBUSD\",\"Percent\":0.008720946},{\"Symbol\":\"BONDBUSD\",\"Percent\":0.0052134353}]"}]
2023-06-08 17:59:56	[INFO]	[Send message successfully]
2023-06-08 18:00:55	[INFO]	[Start scan DB to send notification]
2023-06-08 18:00:55	[INFO]	[Request send message: {"chat_id":1930587972,"text":"[{\"Symbol\":\"LSKBUSD\",\"Percent\":0.008631355},{\"Symbol\":\"GTCBUSD\",\"Percent\":0.005328528}]"}]
2023-06-08 18:00:56	[INFO]	[Send message successfully]
2023-06-08 18:01:55	[INFO]	[Start scan DB to send notification]
2023-06-08 18:02:55	[INFO]	[Start scan DB to send notification]
2023-06-08 18:02:55	[INFO]	[Request send message: {"chat_id":1930587972,"text":"[{\"Symbol\":\"MDXBUSD\",\"Percent\":0.0062016556}]"}]
2023-06-08 18:02:56	[INFO]	[Send message successfully]
2023-06-08 18:03:55	[INFO]	[Start scan DB to send notification]
2023-06-08 18:03:55	[INFO]	[Request send message: {"chat_id":1930587972,"text":"[{\"Symbol\":\"MDXBUSD\",\"Percent\":0.02311241},{\"Symbol\":\"TOMOBUSD\",\"Percent\":0.012571228},{\"Symbol\":\"ALPACABUSD\",\"Percent\":0.011350074},{\"Symbol\":\"TORNBUSD\",\"Percent\":0.00571428},{\"Symbol\":\"STORJBUSD\",\"Percent\":0.0052828277}]"}]
2023-06-08 18:03:56	[INFO]	[Send message successfully]
2023-06-08 18:04:55	[INFO]	[Start scan DB to send notification]
2023-06-08 18:04:55	[INFO]	[Request send message: {"chat_id":1930587972,"text":"[{\"Symbol\":\"MULTIBUSD\",\"Percent\":0.01305488},{\"Symbol\":\"VIDTBUSD\",\"Percent\":0.009327631},{\"Symbol\":\"WRXBUSD\",\"Percent\":0.008024134},{\"Symbol\":\"RADBUSD\",\"Percent\":0.0054644756},{\"Symbol\":\"MOVRBUSD\",\"Percent\":0.005263195}]"}]
2023-06-08 18:04:56	[INFO]	[Send message successfully]
2023-06-08 18:05:55	[INFO]	[Start scan DB to send notification]
2023-06-08 18:05:55	[INFO]	[Request send message: {"chat_id":1930587972,"text":"[{\"Symbol\":\"REIBUSD\",\"Percent\":0.005963284}]"}]
2023-06-08 18:05:56	[INFO]	[Send message successfully]
2023-06-08 18:06:55	[INFO]	[Start scan DB to send notification]
2023-06-08 18:07:55	[INFO]	[Start scan DB to send notification]
2023-06-08 18:07:55	[INFO]	[Request send message: {"chat_id":1930587972,"text":"[{\"Symbol\":\"STXBUSD\",\"Percent\":0.01938283},{\"Symbol\":\"STORJBUSD\",\"Percent\":0.013222627},{\"Symbol\":\"MDXBUSD\",\"Percent\":0.010719708},{\"Symbol\":\"AERGOBUSD\",\"Percent\":0.0057526627},{\"Symbol\":\"MOVRBUSD\",\"Percent\":0.005253894}]"}]
2023-06-08 18:07:56	[INFO]	[Send message successfully]
2023-06-08 18:08:55	[INFO]	[Start scan DB to send notification]
2023-06-08 18:08:55	[INFO]	[Request send message: {"chat_id":1930587972,"text":"[{\"Symbol\":\"NKNBUSD\",\"Percent\":0.0065420275},{\"Symbol\":\"ACABUSD\",\"Percent\":0.00515463}]"}]
2023-06-08 18:08:56	[INFO]	[Send message successfully]
2023-06-08 18:09:55	[INFO]	[Start scan DB to send notification]
2023-06-08 18:09:55	[INFO]	[Request send message: {"chat_id":1930587972,"text":"[{\"Symbol\":\"MDXBUSD\",\"Percent\":0.009174353},{\"Symbol\":\"FORTHBUSD\",\"Percent\":0.0055999756}]"}]
2023-06-08 18:09:56	[INFO]	[Send message successfully]
2023-06-08 18:10:55	[INFO]	[Start scan DB to send notification]
2023-06-08 18:10:55	[INFO]	[Request send message: {"chat_id":1930587972,"text":"[{\"Symbol\":\"PUNDIXBUSD\",\"Percent\":0.00808631},{\"Symbol\":\"MULTIBUSD\",\"Percent\":0.0077720755},{\"Symbol\":\"ACABUSD\",\"Percent\":0.007771959},{\"Symbol\":\"CTXCBUSD\",\"Percent\":0.005270083}]"}]
2023-06-08 18:10:56	[INFO]	[Send message successfully]
2023-06-08 18:11:55	[INFO]	[Start scan DB to send notification]
2023-06-08 18:11:55	[INFO]	[Request send message: {"chat_id":1930587972,"text":"[{\"Symbol\":\"AKROBUSD\",\"Percent\":0.006302569},{\"Symbol\":\"WAXPBUSD\",\"Percent\":0.006302471}]"}]
2023-06-08 18:11:56	[INFO]	[Send message successfully]
2023-06-08 18:12:55	[INFO]	[Start scan DB to send notification]
2023-06-08 18:12:55	[INFO]	[Request send message: {"chat_id":1930587972,"text":"[{\"Symbol\":\"JASMYBUSD\",\"Percent\":0.010666635},{\"Symbol\":\"MULTIBUSD\",\"Percent\":0.005154634}]"}]
2023-06-08 18:12:56	[INFO]	[Send message successfully]
2023-06-08 18:13:55	[INFO]	[Start scan DB to send notification]
2023-06-08 18:13:55	[INFO]	[Request send message: {"chat_id":1930587972,"text":"[{\"Symbol\":\"BSWBUSD\",\"Percent\":0.011650465}]"}]
2023-06-08 18:13:56	[INFO]	[Send message successfully]
2023-06-08 18:14:55	[INFO]	[Start scan DB to send notification]
2023-06-08 18:15:55	[INFO]	[Start scan DB to send notification]
2023-06-08 18:15:55	[INFO]	[Request send message: {"chat_id":1930587972,"text":"[{\"Symbol\":\"CVPBUSD\",\"Percent\":0.0084567135},{\"Symbol\":\"STORJBUSD\",\"Percent\":0.00674426}]"}]
2023-06-08 18:15:56	[INFO]	[Send message successfully]
2023-06-08 18:16:55	[INFO]	[Start scan DB to send notification]
2023-06-08 18:16:55	[INFO]	[Request send message: {"chat_id":1930587972,"text":"[{\"Symbol\":\"BELBUSD\",\"Percent\":0.010286598},{\"Symbol\":\"CKBBUSD\",\"Percent\":0.009463721}]"}]
2023-06-08 18:16:56	[INFO]	[Send message successfully]
2023-06-08 18:17:55	[INFO]	[Start scan DB to send notification]
2023-06-08 18:17:55	[INFO]	[Request send message: {"chat_id":1930587972,"text":"[{\"Symbol\":\"FISBUSD\",\"Percent\":0.015189847},{\"Symbol\":\"STMXBUSD\",\"Percent\":0.0056541166}]"}]
2023-06-08 18:17:56	[INFO]	[Send message successfully]
2023-06-08 18:18:55	[INFO]	[Start scan DB to send notification]
2023-06-08 18:18:55	[INFO]	[Request send message: {"chat_id":1930587972,"text":"[{\"Symbol\":\"BSWBUSD\",\"Percent\":0.0067764223}]"}]
2023-06-08 18:18:56	[INFO]	[Send message successfully]
2023-06-08 18:19:55	[INFO]	[Start scan DB to send notification]
2023-06-08 18:19:55	[INFO]	[Request send message: {"chat_id":1930587972,"text":"[{\"Symbol\":\"FORTHBUSD\",\"Percent\":0.0059641614}]"}]
2023-06-08 18:19:56	[INFO]	[Send message successfully]
2023-06-08 18:20:55	[INFO]	[Start scan DB to send notification]
2023-06-08 18:20:55	[INFO]	[Request send message: {"chat_id":1930587972,"text":"[{\"Symbol\":\"AKROBUSD\",\"Percent\":0.006237054}]"}]
2023-06-08 18:20:56	[INFO]	[Send message successfully]
2023-06-09 15:42:14	[INFO]	[==================================================]
2023-06-09 15:42:14	[INFO]	[Start logger succesfully]
2023-06-09 15:43:14	[INFO]	[Start scan DB to send notification]
2023-06-09 15:43:14	[INFO]	[[[{"Symbol":"XNOBUSD","Percent":0.007225513}]]]
2023-06-09 15:44:14	[INFO]	[Start scan DB to send notification]
2023-06-09 15:44:14	[INFO]	[[[{"Symbol":"XNOBUSD","Percent":0.007225513}],[{"Symbol":"OGBUSD","Percent":0.01050661},{"Symbol":"SANTOSBUSD","Percent":0.0060103456},{"Symbol":"TORNBUSD","Percent":0.0055249226}]]]
2023-06-09 15:44:14	[INFO]	[3 mins have no top coin, delete buffer]
2023-06-09 15:45:14	[INFO]	[Start scan DB to send notification]
2023-06-09 15:45:14	[INFO]	[[[{"Symbol":"QUICKBUSD","Percent":0.008213505},{"Symbol":"WAVESBUSD","Percent":0.0057070027},{"Symbol":"SCRTBUSD","Percent":0.005540177},{"Symbol":"OGBUSD","Percent":0.0053842934}]]]
2023-06-09 15:46:14	[INFO]	[Start scan DB to send notification]
2023-06-09 15:46:14	[INFO]	[[[{"Symbol":"QUICKBUSD","Percent":0.008213505},{"Symbol":"WAVESBUSD","Percent":0.0057070027},{"Symbol":"SCRTBUSD","Percent":0.005540177},{"Symbol":"OGBUSD","Percent":0.0053842934}],[{"Symbol":"AGLDBUSD","Percent":0.008163221},{"Symbol":"ASRBUSD","Percent":0.0072874036}]]]
2023-06-09 15:47:14	[INFO]	[Start scan DB to send notification]
2023-06-09 15:47:14	[INFO]	[[[{"Symbol":"QUICKBUSD","Percent":0.008213505},{"Symbol":"WAVESBUSD","Percent":0.0057070027},{"Symbol":"SCRTBUSD","Percent":0.005540177},{"Symbol":"OGBUSD","Percent":0.0053842934}],[{"Symbol":"AGLDBUSD","Percent":0.008163221},{"Symbol":"ASRBUSD","Percent":0.0072874036}],[{"Symbol":"FTTBUSD","Percent":0.007428669},{"Symbol":"EPXBUSD","Percent":0.006855174},{"Symbol":"ACABUSD","Percent":0.005208324}]]]
2023-06-09 15:47:14	[INFO]	[3 mins have no top coin, delete buffer]
2023-06-09 15:49:38	[INFO]	[==================================================]
2023-06-09 15:49:38	[INFO]	[Start logger succesfully]
2023-06-09 15:50:38	[INFO]	[Start scan DB to send notification]
2023-06-09 15:50:38	[INFO]	[Data len:  1 [
    [
        {
            "Symbol": "TFUELBUSD",
            "Percent": 0.0052770358
        }
    ]
]]
2023-06-09 15:51:38	[INFO]	[Start scan DB to send notification]
2023-06-09 15:51:38	[INFO]	[1 min have no top coin, delete buffer]
2023-06-09 15:52:38	[INFO]	[Start scan DB to send notification]
2023-06-09 15:52:38	[INFO]	[Data len:  1 [
    [
        {
            "Symbol": "FTTBUSD",
            "Percent": 0.008482623
        }
    ]
]]
2023-06-09 15:53:38	[INFO]	[Start scan DB to send notification]
2023-06-09 15:53:38	[INFO]	[Data len:  5 [
    [
        {
            "Symbol": "FTTBUSD",
            "Percent": 0.008482623
        }
    ],
    [
        {
            "Symbol": "QUICKBUSD",
            "Percent": 0.0101833
        },
        {
            "Symbol": "GTCBUSD",
            "Percent": 0.009856557
        },
        {
            "Symbol": "CVPBUSD",
            "Percent": 0.006902533
        },
        {
            "Symbol": "MOBBUSD",
            "Percent": 0.006768203
        },
        {
            "Symbol": "AERGOBUSD",
            "Percent": 0.0067437803
        }
    ]
]]
2023-06-09 15:56:03	[INFO]	[==================================================]
2023-06-09 15:56:03	[INFO]	[Start logger succesfully]
